---------- Date: 2014-04-07 04:44:32 ~ IP : 66.249.66.117 ----------
REQUEST URI : /index.php?route=product/product&amp;path=61_70&amp;product_id=180
MOD DETAILS:
   modFile   : /home/ho3f937/public_html/vqmod/xml/hide-tax.xml
   id        : Hide Cart Button
   version   : 1.0
   vqmver    : 1.0.8
   author    : Ariel Orozco
SEARCH NOT FOUND (ABORTING MOD): <span class="price-tax"><?php echo $text_tax; ?> <?php echo $tax; ?></span><br />

----------------------------------------------------------------------


---------- Date: 2014-04-07 07:07:44 ~ IP : 157.55.33.34 ----------
REQUEST URI : /index.php?route=product/product&amp;product_id=171
MOD DETAILS:
   modFile   : /home/ho3f937/public_html/vqmod/xml/hide-tax.xml
   id        : Hide Cart Button
   version   : 1.0
   vqmver    : 1.0.8
   author    : Ariel Orozco
SEARCH NOT FOUND (ABORTING MOD): <span class="price-tax"><?php echo $text_tax; ?> <?php echo $tax; ?></span><br />

----------------------------------------------------------------------


---------- Date: 2014-04-07 08:33:06 ~ IP : 123.20.3.124 ----------
REQUEST URI : /index.php?route=product/category&amp;path=61
MOD DETAILS:
   modFile   : /home/ho3f937/public_html/vqmod/xml/hide-tax.xml
   id        : Hide Cart Button
   version   : 1.0
   vqmver    : 1.0.8
   author    : Ariel Orozco
SEARCH NOT FOUND (ABORTING MOD): <br />
						<span class="price-tax"><?php echo $text_tax; ?> <?php echo $product['tax']; ?></span>
MOD DETAILS:
   modFile   : /home/ho3f937/public_html/vqmod/xml/remove_wishlist_and_compare.xml
   id        : Remove Wishlist and Compare Features
   version   : 1.0
   vqmver    : 2.1.5
   author    : VINDHYAVART
SEARCH NOT FOUND (ABORTING MOD): <div class="product-compare"><a href="<?php echo $compare; ?>" id="compare-total"><?php echo $text_compare; ?></a></div>
----------------------------------------------------------------------


---------- Date: 2014-04-07 08:33:38 ~ IP : 123.20.3.124 ----------
REQUEST URI : /index.php?route=product/category&amp;path=61_71
MOD DETAILS:
   modFile   : /home/ho3f937/public_html/vqmod/xml/hide-tax.xml
   id        : Hide Cart Button
   version   : 1.0
   vqmver    : 1.0.8
   author    : Ariel Orozco
SEARCH NOT FOUND (ABORTING MOD): <br />
						<span class="price-tax"><?php echo $text_tax; ?> <?php echo $product['tax']; ?></span>
MOD DETAILS:
   modFile   : /home/ho3f937/public_html/vqmod/xml/remove_wishlist_and_compare.xml
   id        : Remove Wishlist and Compare Features
   version   : 1.0
   vqmver    : 2.1.5
   author    : VINDHYAVART
SEARCH NOT FOUND (ABORTING MOD): <div class="product-compare"><a href="<?php echo $compare; ?>" id="compare-total"><?php echo $text_compare; ?></a></div>
----------------------------------------------------------------------


---------- Date: 2014-04-07 08:34:16 ~ IP : 123.20.3.124 ----------
REQUEST URI : /index.php?route=product/category&amp;path=61_72
MOD DETAILS:
   modFile   : /home/ho3f937/public_html/vqmod/xml/hide-tax.xml
   id        : Hide Cart Button
   version   : 1.0
   vqmver    : 1.0.8
   author    : Ariel Orozco
SEARCH NOT FOUND (ABORTING MOD): <br />
						<span class="price-tax"><?php echo $text_tax; ?> <?php echo $product['tax']; ?></span>
MOD DETAILS:
   modFile   : /home/ho3f937/public_html/vqmod/xml/remove_wishlist_and_compare.xml
   id        : Remove Wishlist and Compare Features
   version   : 1.0
   vqmver    : 2.1.5
   author    : VINDHYAVART
SEARCH NOT FOUND (ABORTING MOD): <div class="product-compare"><a href="<?php echo $compare; ?>" id="compare-total"><?php echo $text_compare; ?></a></div>
----------------------------------------------------------------------


---------- Date: 2014-04-07 08:34:46 ~ IP : 123.20.3.124 ----------
REQUEST URI : /index.php?route=product/category&amp;path=61_69
MOD DETAILS:
   modFile   : /home/ho3f937/public_html/vqmod/xml/hide-tax.xml
   id        : Hide Cart Button
   version   : 1.0
   vqmver    : 1.0.8
   author    : Ariel Orozco
SEARCH NOT FOUND (ABORTING MOD): <br />
						<span class="price-tax"><?php echo $text_tax; ?> <?php echo $product['tax']; ?></span>
MOD DETAILS:
   modFile   : /home/ho3f937/public_html/vqmod/xml/remove_wishlist_and_compare.xml
   id        : Remove Wishlist and Compare Features
   version   : 1.0
   vqmver    : 2.1.5
   author    : VINDHYAVART
SEARCH NOT FOUND (ABORTING MOD): <div class="product-compare"><a href="<?php echo $compare; ?>" id="compare-total"><?php echo $text_compare; ?></a></div>
----------------------------------------------------------------------


---------- Date: 2014-04-07 08:35:21 ~ IP : 123.20.3.124 ----------
REQUEST URI : /index.php?route=product/category&amp;path=61
MOD DETAILS:
   modFile   : /home/ho3f937/public_html/vqmod/xml/hide-tax.xml
   id        : Hide Cart Button
   version   : 1.0
   vqmver    : 1.0.8
   author    : Ariel Orozco
SEARCH NOT FOUND (ABORTING MOD): <br />
						<span class="price-tax"><?php echo $text_tax; ?> <?php echo $product['tax']; ?></span>
MOD DETAILS:
   modFile   : /home/ho3f937/public_html/vqmod/xml/remove_wishlist_and_compare.xml
   id        : Remove Wishlist and Compare Features
   version   : 1.0
   vqmver    : 2.1.5
   author    : VINDHYAVART
SEARCH NOT FOUND (ABORTING MOD): <div class="product-compare"><a href="<?php echo $compare; ?>" id="compare-total"><?php echo $text_compare; ?></a></div>
----------------------------------------------------------------------


---------- Date: 2014-04-07 08:35:40 ~ IP : 123.20.3.124 ----------
REQUEST URI : /index.php?route=product/category&amp;path=61_69
MOD DETAILS:
   modFile   : /home/ho3f937/public_html/vqmod/xml/hide-tax.xml
   id        : Hide Cart Button
   version   : 1.0
   vqmver    : 1.0.8
   author    : Ariel Orozco
SEARCH NOT FOUND (ABORTING MOD): <br />
						<span class="price-tax"><?php echo $text_tax; ?> <?php echo $product['tax']; ?></span>
MOD DETAILS:
   modFile   : /home/ho3f937/public_html/vqmod/xml/remove_wishlist_and_compare.xml
   id        : Remove Wishlist and Compare Features
   version   : 1.0
   vqmver    : 2.1.5
   author    : VINDHYAVART
SEARCH NOT FOUND (ABORTING MOD): <div class="product-compare"><a href="<?php echo $compare; ?>" id="compare-total"><?php echo $text_compare; ?></a></div>
----------------------------------------------------------------------


---------- Date: 2014-04-07 11:23:53 ~ IP : 115.79.91.176 ----------
REQUEST URI : /index.php?route=product/category&amp;path=73
MOD DETAILS:
   modFile   : /home/ho3f937/public_html/vqmod/xml/hide-tax.xml
   id        : Hide Cart Button
   version   : 1.0
   vqmver    : 1.0.8
   author    : Ariel Orozco
SEARCH NOT FOUND (ABORTING MOD): <br />
						<span class="price-tax"><?php echo $text_tax; ?> <?php echo $product['tax']; ?></span>
MOD DETAILS:
   modFile   : /home/ho3f937/public_html/vqmod/xml/remove_wishlist_and_compare.xml
   id        : Remove Wishlist and Compare Features
   version   : 1.0
   vqmver    : 2.1.5
   author    : VINDHYAVART
SEARCH NOT FOUND (ABORTING MOD): <div class="product-compare"><a href="<?php echo $compare; ?>" id="compare-total"><?php echo $text_compare; ?></a></div>
----------------------------------------------------------------------


---------- Date: 2014-04-07 11:23:56 ~ IP : 115.79.91.176 ----------
REQUEST URI : /index.php?route=product/category&amp;path=62
MOD DETAILS:
   modFile   : /home/ho3f937/public_html/vqmod/xml/hide-tax.xml
   id        : Hide Cart Button
   version   : 1.0
   vqmver    : 1.0.8
   author    : Ariel Orozco
SEARCH NOT FOUND (ABORTING MOD): <br />
						<span class="price-tax"><?php echo $text_tax; ?> <?php echo $product['tax']; ?></span>
MOD DETAILS:
   modFile   : /home/ho3f937/public_html/vqmod/xml/remove_wishlist_and_compare.xml
   id        : Remove Wishlist and Compare Features
   version   : 1.0
   vqmver    : 2.1.5
   author    : VINDHYAVART
SEARCH NOT FOUND (ABORTING MOD): <div class="product-compare"><a href="<?php echo $compare; ?>" id="compare-total"><?php echo $text_compare; ?></a></div>
----------------------------------------------------------------------


---------- Date: 2014-04-07 11:24:07 ~ IP : 115.79.91.176 ----------
REQUEST URI : /index.php?route=product/category&amp;path=62
MOD DETAILS:
   modFile   : /home/ho3f937/public_html/vqmod/xml/hide-tax.xml
   id        : Hide Cart Button
   version   : 1.0
   vqmver    : 1.0.8
   author    : Ariel Orozco
SEARCH NOT FOUND (ABORTING MOD): <br />
						<span class="price-tax"><?php echo $text_tax; ?> <?php echo $product['tax']; ?></span>
MOD DETAILS:
   modFile   : /home/ho3f937/public_html/vqmod/xml/remove_wishlist_and_compare.xml
   id        : Remove Wishlist and Compare Features
   version   : 1.0
   vqmver    : 2.1.5
   author    : VINDHYAVART
SEARCH NOT FOUND (ABORTING MOD): <div class="product-compare"><a href="<?php echo $compare; ?>" id="compare-total"><?php echo $text_compare; ?></a></div>
----------------------------------------------------------------------


---------- Date: 2014-04-07 11:24:12 ~ IP : 115.79.91.176 ----------
REQUEST URI : /index.php?route=product/category&amp;path=73
MOD DETAILS:
   modFile   : /home/ho3f937/public_html/vqmod/xml/hide-tax.xml
   id        : Hide Cart Button
   version   : 1.0
   vqmver    : 1.0.8
   author    : Ariel Orozco
SEARCH NOT FOUND (ABORTING MOD): <br />
						<span class="price-tax"><?php echo $text_tax; ?> <?php echo $product['tax']; ?></span>
MOD DETAILS:
   modFile   : /home/ho3f937/public_html/vqmod/xml/remove_wishlist_and_compare.xml
   id        : Remove Wishlist and Compare Features
   version   : 1.0
   vqmver    : 2.1.5
   author    : VINDHYAVART
SEARCH NOT FOUND (ABORTING MOD): <div class="product-compare"><a href="<?php echo $compare; ?>" id="compare-total"><?php echo $text_compare; ?></a></div>
----------------------------------------------------------------------


---------- Date: 2014-04-07 11:24:15 ~ IP : 115.79.91.176 ----------
REQUEST URI : /index.php?route=product/category&amp;path=61
MOD DETAILS:
   modFile   : /home/ho3f937/public_html/vqmod/xml/hide-tax.xml
   id        : Hide Cart Button
   version   : 1.0
   vqmver    : 1.0.8
   author    : Ariel Orozco
SEARCH NOT FOUND (ABORTING MOD): <br />
						<span class="price-tax"><?php echo $text_tax; ?> <?php echo $product['tax']; ?></span>
MOD DETAILS:
   modFile   : /home/ho3f937/public_html/vqmod/xml/remove_wishlist_and_compare.xml
   id        : Remove Wishlist and Compare Features
   version   : 1.0
   vqmver    : 2.1.5
   author    : VINDHYAVART
SEARCH NOT FOUND (ABORTING MOD): <div class="product-compare"><a href="<?php echo $compare; ?>" id="compare-total"><?php echo $text_compare; ?></a></div>
----------------------------------------------------------------------


---------- Date: 2014-04-07 11:24:40 ~ IP : 115.79.91.176 ----------
REQUEST URI : /index.php?route=product/category&amp;path=61_72
MOD DETAILS:
   modFile   : /home/ho3f937/public_html/vqmod/xml/hide-tax.xml
   id        : Hide Cart Button
   version   : 1.0
   vqmver    : 1.0.8
   author    : Ariel Orozco
SEARCH NOT FOUND (ABORTING MOD): <br />
						<span class="price-tax"><?php echo $text_tax; ?> <?php echo $product['tax']; ?></span>
MOD DETAILS:
   modFile   : /home/ho3f937/public_html/vqmod/xml/remove_wishlist_and_compare.xml
   id        : Remove Wishlist and Compare Features
   version   : 1.0
   vqmver    : 2.1.5
   author    : VINDHYAVART
SEARCH NOT FOUND (ABORTING MOD): <div class="product-compare"><a href="<?php echo $compare; ?>" id="compare-total"><?php echo $text_compare; ?></a></div>
----------------------------------------------------------------------


---------- Date: 2014-04-07 11:24:50 ~ IP : 115.79.91.176 ----------
REQUEST URI : /index.php?route=product/category&amp;path=61_72&amp;page=2
MOD DETAILS:
   modFile   : /home/ho3f937/public_html/vqmod/xml/hide-tax.xml
   id        : Hide Cart Button
   version   : 1.0
   vqmver    : 1.0.8
   author    : Ariel Orozco
SEARCH NOT FOUND (ABORTING MOD): <br />
						<span class="price-tax"><?php echo $text_tax; ?> <?php echo $product['tax']; ?></span>
MOD DETAILS:
   modFile   : /home/ho3f937/public_html/vqmod/xml/remove_wishlist_and_compare.xml
   id        : Remove Wishlist and Compare Features
   version   : 1.0
   vqmver    : 2.1.5
   author    : VINDHYAVART
SEARCH NOT FOUND (ABORTING MOD): <div class="product-compare"><a href="<?php echo $compare; ?>" id="compare-total"><?php echo $text_compare; ?></a></div>
----------------------------------------------------------------------


---------- Date: 2014-04-07 11:25:15 ~ IP : 115.79.91.176 ----------
REQUEST URI : /index.php?route=product/category&amp;path=61_72&amp;page=3
MOD DETAILS:
   modFile   : /home/ho3f937/public_html/vqmod/xml/hide-tax.xml
   id        : Hide Cart Button
   version   : 1.0
   vqmver    : 1.0.8
   author    : Ariel Orozco
SEARCH NOT FOUND (ABORTING MOD): <br />
						<span class="price-tax"><?php echo $text_tax; ?> <?php echo $product['tax']; ?></span>
MOD DETAILS:
   modFile   : /home/ho3f937/public_html/vqmod/xml/remove_wishlist_and_compare.xml
   id        : Remove Wishlist and Compare Features
   version   : 1.0
   vqmver    : 2.1.5
   author    : VINDHYAVART
SEARCH NOT FOUND (ABORTING MOD): <div class="product-compare"><a href="<?php echo $compare; ?>" id="compare-total"><?php echo $text_compare; ?></a></div>
----------------------------------------------------------------------


---------- Date: 2014-04-07 11:25:22 ~ IP : 115.79.91.176 ----------
REQUEST URI : /index.php?route=product/category&amp;path=61_72&amp;page=4
MOD DETAILS:
   modFile   : /home/ho3f937/public_html/vqmod/xml/hide-tax.xml
   id        : Hide Cart Button
   version   : 1.0
   vqmver    : 1.0.8
   author    : Ariel Orozco
SEARCH NOT FOUND (ABORTING MOD): <br />
						<span class="price-tax"><?php echo $text_tax; ?> <?php echo $product['tax']; ?></span>
MOD DETAILS:
   modFile   : /home/ho3f937/public_html/vqmod/xml/remove_wishlist_and_compare.xml
   id        : Remove Wishlist and Compare Features
   version   : 1.0
   vqmver    : 2.1.5
   author    : VINDHYAVART
SEARCH NOT FOUND (ABORTING MOD): <div class="product-compare"><a href="<?php echo $compare; ?>" id="compare-total"><?php echo $text_compare; ?></a></div>
----------------------------------------------------------------------


---------- Date: 2014-04-07 11:25:33 ~ IP : 115.79.91.176 ----------
REQUEST URI : /index.php?route=product/category&amp;path=61_72&amp;page=5
MOD DETAILS:
   modFile   : /home/ho3f937/public_html/vqmod/xml/hide-tax.xml
   id        : Hide Cart Button
   version   : 1.0
   vqmver    : 1.0.8
   author    : Ariel Orozco
SEARCH NOT FOUND (ABORTING MOD): <br />
						<span class="price-tax"><?php echo $text_tax; ?> <?php echo $product['tax']; ?></span>
MOD DETAILS:
   modFile   : /home/ho3f937/public_html/vqmod/xml/remove_wishlist_and_compare.xml
   id        : Remove Wishlist and Compare Features
   version   : 1.0
   vqmver    : 2.1.5
   author    : VINDHYAVART
SEARCH NOT FOUND (ABORTING MOD): <div class="product-compare"><a href="<?php echo $compare; ?>" id="compare-total"><?php echo $text_compare; ?></a></div>
----------------------------------------------------------------------


---------- Date: 2014-04-07 11:25:41 ~ IP : 115.79.91.176 ----------
REQUEST URI : /index.php?route=product/category&amp;path=61_72&amp;page=6
MOD DETAILS:
   modFile   : /home/ho3f937/public_html/vqmod/xml/hide-tax.xml
   id        : Hide Cart Button
   version   : 1.0
   vqmver    : 1.0.8
   author    : Ariel Orozco
SEARCH NOT FOUND (ABORTING MOD): <br />
						<span class="price-tax"><?php echo $text_tax; ?> <?php echo $product['tax']; ?></span>
MOD DETAILS:
   modFile   : /home/ho3f937/public_html/vqmod/xml/remove_wishlist_and_compare.xml
   id        : Remove Wishlist and Compare Features
   version   : 1.0
   vqmver    : 2.1.5
   author    : VINDHYAVART
SEARCH NOT FOUND (ABORTING MOD): <div class="product-compare"><a href="<?php echo $compare; ?>" id="compare-total"><?php echo $text_compare; ?></a></div>
----------------------------------------------------------------------


---------- Date: 2014-04-07 11:25:46 ~ IP : 115.79.91.176 ----------
REQUEST URI : /index.php?route=product/category&amp;path=61_72&amp;page=7
MOD DETAILS:
   modFile   : /home/ho3f937/public_html/vqmod/xml/hide-tax.xml
   id        : Hide Cart Button
   version   : 1.0
   vqmver    : 1.0.8
   author    : Ariel Orozco
SEARCH NOT FOUND (ABORTING MOD): <br />
						<span class="price-tax"><?php echo $text_tax; ?> <?php echo $product['tax']; ?></span>
MOD DETAILS:
   modFile   : /home/ho3f937/public_html/vqmod/xml/remove_wishlist_and_compare.xml
   id        : Remove Wishlist and Compare Features
   version   : 1.0
   vqmver    : 2.1.5
   author    : VINDHYAVART
SEARCH NOT FOUND (ABORTING MOD): <div class="product-compare"><a href="<?php echo $compare; ?>" id="compare-total"><?php echo $text_compare; ?></a></div>
----------------------------------------------------------------------


---------- Date: 2014-04-07 11:25:56 ~ IP : 115.79.91.176 ----------
REQUEST URI : /index.php?route=product/category&amp;path=61_72&amp;page=8
MOD DETAILS:
   modFile   : /home/ho3f937/public_html/vqmod/xml/hide-tax.xml
   id        : Hide Cart Button
   version   : 1.0
   vqmver    : 1.0.8
   author    : Ariel Orozco
SEARCH NOT FOUND (ABORTING MOD): <br />
						<span class="price-tax"><?php echo $text_tax; ?> <?php echo $product['tax']; ?></span>
MOD DETAILS:
   modFile   : /home/ho3f937/public_html/vqmod/xml/remove_wishlist_and_compare.xml
   id        : Remove Wishlist and Compare Features
   version   : 1.0
   vqmver    : 2.1.5
   author    : VINDHYAVART
SEARCH NOT FOUND (ABORTING MOD): <div class="product-compare"><a href="<?php echo $compare; ?>" id="compare-total"><?php echo $text_compare; ?></a></div>
----------------------------------------------------------------------


---------- Date: 2014-04-07 11:26:10 ~ IP : 115.79.91.176 ----------
REQUEST URI : /index.php?route=product/category&amp;path=61_72&amp;page=9
MOD DETAILS:
   modFile   : /home/ho3f937/public_html/vqmod/xml/hide-tax.xml
   id        : Hide Cart Button
   version   : 1.0
   vqmver    : 1.0.8
   author    : Ariel Orozco
SEARCH NOT FOUND (ABORTING MOD): <br />
						<span class="price-tax"><?php echo $text_tax; ?> <?php echo $product['tax']; ?></span>
MOD DETAILS:
   modFile   : /home/ho3f937/public_html/vqmod/xml/remove_wishlist_and_compare.xml
   id        : Remove Wishlist and Compare Features
   version   : 1.0
   vqmver    : 2.1.5
   author    : VINDHYAVART
SEARCH NOT FOUND (ABORTING MOD): <div class="product-compare"><a href="<?php echo $compare; ?>" id="compare-total"><?php echo $text_compare; ?></a></div>
----------------------------------------------------------------------


---------- Date: 2014-04-07 11:26:24 ~ IP : 115.79.91.176 ----------
REQUEST URI : /index.php?route=product/category&amp;path=62
MOD DETAILS:
   modFile   : /home/ho3f937/public_html/vqmod/xml/hide-tax.xml
   id        : Hide Cart Button
   version   : 1.0
   vqmver    : 1.0.8
   author    : Ariel Orozco
SEARCH NOT FOUND (ABORTING MOD): <br />
						<span class="price-tax"><?php echo $text_tax; ?> <?php echo $product['tax']; ?></span>
MOD DETAILS:
   modFile   : /home/ho3f937/public_html/vqmod/xml/remove_wishlist_and_compare.xml
   id        : Remove Wishlist and Compare Features
   version   : 1.0
   vqmver    : 2.1.5
   author    : VINDHYAVART
SEARCH NOT FOUND (ABORTING MOD): <div class="product-compare"><a href="<?php echo $compare; ?>" id="compare-total"><?php echo $text_compare; ?></a></div>
----------------------------------------------------------------------


---------- Date: 2014-04-07 11:26:31 ~ IP : 115.79.91.176 ----------
REQUEST URI : /index.php?route=product/category&amp;path=61_72&amp;page=9
MOD DETAILS:
   modFile   : /home/ho3f937/public_html/vqmod/xml/hide-tax.xml
   id        : Hide Cart Button
   version   : 1.0
   vqmver    : 1.0.8
   author    : Ariel Orozco
SEARCH NOT FOUND (ABORTING MOD): <br />
						<span class="price-tax"><?php echo $text_tax; ?> <?php echo $product['tax']; ?></span>
MOD DETAILS:
   modFile   : /home/ho3f937/public_html/vqmod/xml/remove_wishlist_and_compare.xml
   id        : Remove Wishlist and Compare Features
   version   : 1.0
   vqmver    : 2.1.5
   author    : VINDHYAVART
SEARCH NOT FOUND (ABORTING MOD): <div class="product-compare"><a href="<?php echo $compare; ?>" id="compare-total"><?php echo $text_compare; ?></a></div>
----------------------------------------------------------------------


---------- Date: 2014-04-07 11:26:32 ~ IP : 115.79.91.176 ----------
REQUEST URI : /index.php?route=product/category&amp;path=61_72&amp;page=8
MOD DETAILS:
   modFile   : /home/ho3f937/public_html/vqmod/xml/hide-tax.xml
   id        : Hide Cart Button
   version   : 1.0
   vqmver    : 1.0.8
   author    : Ariel Orozco
SEARCH NOT FOUND (ABORTING MOD): <br />
						<span class="price-tax"><?php echo $text_tax; ?> <?php echo $product['tax']; ?></span>
MOD DETAILS:
   modFile   : /home/ho3f937/public_html/vqmod/xml/remove_wishlist_and_compare.xml
   id        : Remove Wishlist and Compare Features
   version   : 1.0
   vqmver    : 2.1.5
   author    : VINDHYAVART
SEARCH NOT FOUND (ABORTING MOD): <div class="product-compare"><a href="<?php echo $compare; ?>" id="compare-total"><?php echo $text_compare; ?></a></div>
----------------------------------------------------------------------


---------- Date: 2014-04-07 11:52:14 ~ IP : 1.54.108.35 ----------
REQUEST URI : /index.php?route=product/category&amp;path=61_69
MOD DETAILS:
   modFile   : /home/ho3f937/public_html/vqmod/xml/hide-tax.xml
   id        : Hide Cart Button
   version   : 1.0
   vqmver    : 1.0.8
   author    : Ariel Orozco
SEARCH NOT FOUND (ABORTING MOD): <br />
						<span class="price-tax"><?php echo $text_tax; ?> <?php echo $product['tax']; ?></span>
MOD DETAILS:
   modFile   : /home/ho3f937/public_html/vqmod/xml/remove_wishlist_and_compare.xml
   id        : Remove Wishlist and Compare Features
   version   : 1.0
   vqmver    : 2.1.5
   author    : VINDHYAVART
SEARCH NOT FOUND (ABORTING MOD): <div class="product-compare"><a href="<?php echo $compare; ?>" id="compare-total"><?php echo $text_compare; ?></a></div>
----------------------------------------------------------------------


---------- Date: 2014-04-07 11:52:25 ~ IP : 1.54.108.35 ----------
REQUEST URI : /index.php?route=product/category&amp;path=61_69
MOD DETAILS:
   modFile   : /home/ho3f937/public_html/vqmod/xml/hide-tax.xml
   id        : Hide Cart Button
   version   : 1.0
   vqmver    : 1.0.8
   author    : Ariel Orozco
SEARCH NOT FOUND (ABORTING MOD): <br />
						<span class="price-tax"><?php echo $text_tax; ?> <?php echo $product['tax']; ?></span>
MOD DETAILS:
   modFile   : /home/ho3f937/public_html/vqmod/xml/remove_wishlist_and_compare.xml
   id        : Remove Wishlist and Compare Features
   version   : 1.0
   vqmver    : 2.1.5
   author    : VINDHYAVART
SEARCH NOT FOUND (ABORTING MOD): <div class="product-compare"><a href="<?php echo $compare; ?>" id="compare-total"><?php echo $text_compare; ?></a></div>
----------------------------------------------------------------------


---------- Date: 2014-04-07 11:52:29 ~ IP : 1.54.108.35 ----------
REQUEST URI : /index.php?route=product/category&amp;path=61_69
MOD DETAILS:
   modFile   : /home/ho3f937/public_html/vqmod/xml/hide-tax.xml
   id        : Hide Cart Button
   version   : 1.0
   vqmver    : 1.0.8
   author    : Ariel Orozco
SEARCH NOT FOUND (ABORTING MOD): <br />
						<span class="price-tax"><?php echo $text_tax; ?> <?php echo $product['tax']; ?></span>
MOD DETAILS:
   modFile   : /home/ho3f937/public_html/vqmod/xml/remove_wishlist_and_compare.xml
   id        : Remove Wishlist and Compare Features
   version   : 1.0
   vqmver    : 2.1.5
   author    : VINDHYAVART
SEARCH NOT FOUND (ABORTING MOD): <div class="product-compare"><a href="<?php echo $compare; ?>" id="compare-total"><?php echo $text_compare; ?></a></div>
----------------------------------------------------------------------


---------- Date: 2014-04-07 11:52:43 ~ IP : 1.54.108.35 ----------
REQUEST URI : /index.php?route=product/category&amp;path=61_69
MOD DETAILS:
   modFile   : /home/ho3f937/public_html/vqmod/xml/hide-tax.xml
   id        : Hide Cart Button
   version   : 1.0
   vqmver    : 1.0.8
   author    : Ariel Orozco
SEARCH NOT FOUND (ABORTING MOD): <br />
						<span class="price-tax"><?php echo $text_tax; ?> <?php echo $product['tax']; ?></span>
MOD DETAILS:
   modFile   : /home/ho3f937/public_html/vqmod/xml/remove_wishlist_and_compare.xml
   id        : Remove Wishlist and Compare Features
   version   : 1.0
   vqmver    : 2.1.5
   author    : VINDHYAVART
SEARCH NOT FOUND (ABORTING MOD): <div class="product-compare"><a href="<?php echo $compare; ?>" id="compare-total"><?php echo $text_compare; ?></a></div>
----------------------------------------------------------------------


---------- Date: 2014-04-07 11:52:48 ~ IP : 1.54.108.35 ----------
REQUEST URI : /index.php?route=product/category&amp;path=61_69
MOD DETAILS:
   modFile   : /home/ho3f937/public_html/vqmod/xml/hide-tax.xml
   id        : Hide Cart Button
   version   : 1.0
   vqmver    : 1.0.8
   author    : Ariel Orozco
SEARCH NOT FOUND (ABORTING MOD): <br />
						<span class="price-tax"><?php echo $text_tax; ?> <?php echo $product['tax']; ?></span>
MOD DETAILS:
   modFile   : /home/ho3f937/public_html/vqmod/xml/remove_wishlist_and_compare.xml
   id        : Remove Wishlist and Compare Features
   version   : 1.0
   vqmver    : 2.1.5
   author    : VINDHYAVART
SEARCH NOT FOUND (ABORTING MOD): <div class="product-compare"><a href="<?php echo $compare; ?>" id="compare-total"><?php echo $text_compare; ?></a></div>
----------------------------------------------------------------------


---------- Date: 2014-04-07 11:52:53 ~ IP : 1.54.108.35 ----------
REQUEST URI : /index.php?route=product/category&amp;path=61_69
MOD DETAILS:
   modFile   : /home/ho3f937/public_html/vqmod/xml/hide-tax.xml
   id        : Hide Cart Button
   version   : 1.0
   vqmver    : 1.0.8
   author    : Ariel Orozco
SEARCH NOT FOUND (ABORTING MOD): <br />
						<span class="price-tax"><?php echo $text_tax; ?> <?php echo $product['tax']; ?></span>
MOD DETAILS:
   modFile   : /home/ho3f937/public_html/vqmod/xml/remove_wishlist_and_compare.xml
   id        : Remove Wishlist and Compare Features
   version   : 1.0
   vqmver    : 2.1.5
   author    : VINDHYAVART
SEARCH NOT FOUND (ABORTING MOD): <div class="product-compare"><a href="<?php echo $compare; ?>" id="compare-total"><?php echo $text_compare; ?></a></div>
----------------------------------------------------------------------


---------- Date: 2014-04-07 11:53:03 ~ IP : 1.54.108.35 ----------
REQUEST URI : /index.php?route=product/product&amp;path=61_69&amp;product_id=245
MOD DETAILS:
   modFile   : /home/ho3f937/public_html/vqmod/xml/hide-tax.xml
   id        : Hide Cart Button
   version   : 1.0
   vqmver    : 1.0.8
   author    : Ariel Orozco
SEARCH NOT FOUND (ABORTING MOD): <span class="price-tax"><?php echo $text_tax; ?> <?php echo $tax; ?></span><br />

----------------------------------------------------------------------


---------- Date: 2014-04-07 11:54:11 ~ IP : 1.54.108.35 ----------
REQUEST URI : /index.php?route=product/category&amp;path=61_69
MOD DETAILS:
   modFile   : /home/ho3f937/public_html/vqmod/xml/hide-tax.xml
   id        : Hide Cart Button
   version   : 1.0
   vqmver    : 1.0.8
   author    : Ariel Orozco
SEARCH NOT FOUND (ABORTING MOD): <br />
						<span class="price-tax"><?php echo $text_tax; ?> <?php echo $product['tax']; ?></span>
MOD DETAILS:
   modFile   : /home/ho3f937/public_html/vqmod/xml/remove_wishlist_and_compare.xml
   id        : Remove Wishlist and Compare Features
   version   : 1.0
   vqmver    : 2.1.5
   author    : VINDHYAVART
SEARCH NOT FOUND (ABORTING MOD): <div class="product-compare"><a href="<?php echo $compare; ?>" id="compare-total"><?php echo $text_compare; ?></a></div>
----------------------------------------------------------------------


---------- Date: 2014-04-07 11:54:18 ~ IP : 1.54.108.35 ----------
REQUEST URI : /index.php?route=product/category&amp;path=61
MOD DETAILS:
   modFile   : /home/ho3f937/public_html/vqmod/xml/hide-tax.xml
   id        : Hide Cart Button
   version   : 1.0
   vqmver    : 1.0.8
   author    : Ariel Orozco
SEARCH NOT FOUND (ABORTING MOD): <br />
						<span class="price-tax"><?php echo $text_tax; ?> <?php echo $product['tax']; ?></span>
MOD DETAILS:
   modFile   : /home/ho3f937/public_html/vqmod/xml/remove_wishlist_and_compare.xml
   id        : Remove Wishlist and Compare Features
   version   : 1.0
   vqmver    : 2.1.5
   author    : VINDHYAVART
SEARCH NOT FOUND (ABORTING MOD): <div class="product-compare"><a href="<?php echo $compare; ?>" id="compare-total"><?php echo $text_compare; ?></a></div>
----------------------------------------------------------------------


---------- Date: 2014-04-07 11:54:23 ~ IP : 1.54.108.35 ----------
REQUEST URI : /index.php?route=product/category&amp;path=61_69
MOD DETAILS:
   modFile   : /home/ho3f937/public_html/vqmod/xml/hide-tax.xml
   id        : Hide Cart Button
   version   : 1.0
   vqmver    : 1.0.8
   author    : Ariel Orozco
SEARCH NOT FOUND (ABORTING MOD): <br />
						<span class="price-tax"><?php echo $text_tax; ?> <?php echo $product['tax']; ?></span>
MOD DETAILS:
   modFile   : /home/ho3f937/public_html/vqmod/xml/remove_wishlist_and_compare.xml
   id        : Remove Wishlist and Compare Features
   version   : 1.0
   vqmver    : 2.1.5
   author    : VINDHYAVART
SEARCH NOT FOUND (ABORTING MOD): <div class="product-compare"><a href="<?php echo $compare; ?>" id="compare-total"><?php echo $text_compare; ?></a></div>
----------------------------------------------------------------------


---------- Date: 2014-04-07 11:54:30 ~ IP : 1.54.108.35 ----------
REQUEST URI : /index.php?route=product/product&amp;path=61_69&amp;product_id=258
MOD DETAILS:
   modFile   : /home/ho3f937/public_html/vqmod/xml/hide-tax.xml
   id        : Hide Cart Button
   version   : 1.0
   vqmver    : 1.0.8
   author    : Ariel Orozco
SEARCH NOT FOUND (ABORTING MOD): <span class="price-tax"><?php echo $text_tax; ?> <?php echo $tax; ?></span><br />

----------------------------------------------------------------------


---------- Date: 2014-04-07 11:54:36 ~ IP : 1.54.108.35 ----------
REQUEST URI : /index.php?route=product/category&amp;path=61_69
MOD DETAILS:
   modFile   : /home/ho3f937/public_html/vqmod/xml/hide-tax.xml
   id        : Hide Cart Button
   version   : 1.0
   vqmver    : 1.0.8
   author    : Ariel Orozco
SEARCH NOT FOUND (ABORTING MOD): <br />
						<span class="price-tax"><?php echo $text_tax; ?> <?php echo $product['tax']; ?></span>
MOD DETAILS:
   modFile   : /home/ho3f937/public_html/vqmod/xml/remove_wishlist_and_compare.xml
   id        : Remove Wishlist and Compare Features
   version   : 1.0
   vqmver    : 2.1.5
   author    : VINDHYAVART
SEARCH NOT FOUND (ABORTING MOD): <div class="product-compare"><a href="<?php echo $compare; ?>" id="compare-total"><?php echo $text_compare; ?></a></div>
----------------------------------------------------------------------


---------- Date: 2014-04-07 11:54:49 ~ IP : 1.54.108.35 ----------
REQUEST URI : /index.php?route=product/product&amp;path=61_69&amp;product_id=242
MOD DETAILS:
   modFile   : /home/ho3f937/public_html/vqmod/xml/hide-tax.xml
   id        : Hide Cart Button
   version   : 1.0
   vqmver    : 1.0.8
   author    : Ariel Orozco
SEARCH NOT FOUND (ABORTING MOD): <span class="price-tax"><?php echo $text_tax; ?> <?php echo $tax; ?></span><br />

----------------------------------------------------------------------


---------- Date: 2014-04-07 11:55:03 ~ IP : 1.54.108.35 ----------
REQUEST URI : /index.php?route=product/category&amp;path=61_69
MOD DETAILS:
   modFile   : /home/ho3f937/public_html/vqmod/xml/hide-tax.xml
   id        : Hide Cart Button
   version   : 1.0
   vqmver    : 1.0.8
   author    : Ariel Orozco
SEARCH NOT FOUND (ABORTING MOD): <br />
						<span class="price-tax"><?php echo $text_tax; ?> <?php echo $product['tax']; ?></span>
MOD DETAILS:
   modFile   : /home/ho3f937/public_html/vqmod/xml/remove_wishlist_and_compare.xml
   id        : Remove Wishlist and Compare Features
   version   : 1.0
   vqmver    : 2.1.5
   author    : VINDHYAVART
SEARCH NOT FOUND (ABORTING MOD): <div class="product-compare"><a href="<?php echo $compare; ?>" id="compare-total"><?php echo $text_compare; ?></a></div>
----------------------------------------------------------------------


---------- Date: 2014-04-07 11:55:37 ~ IP : 1.54.108.35 ----------
REQUEST URI : /index.php?route=product/category&amp;path=61_69
MOD DETAILS:
   modFile   : /home/ho3f937/public_html/vqmod/xml/hide-tax.xml
   id        : Hide Cart Button
   version   : 1.0
   vqmver    : 1.0.8
   author    : Ariel Orozco
SEARCH NOT FOUND (ABORTING MOD): <br />
						<span class="price-tax"><?php echo $text_tax; ?> <?php echo $product['tax']; ?></span>
MOD DETAILS:
   modFile   : /home/ho3f937/public_html/vqmod/xml/remove_wishlist_and_compare.xml
   id        : Remove Wishlist and Compare Features
   version   : 1.0
   vqmver    : 2.1.5
   author    : VINDHYAVART
SEARCH NOT FOUND (ABORTING MOD): <div class="product-compare"><a href="<?php echo $compare; ?>" id="compare-total"><?php echo $text_compare; ?></a></div>
----------------------------------------------------------------------


---------- Date: 2014-04-07 11:55:39 ~ IP : 1.54.108.35 ----------
REQUEST URI : /index.php?route=product/category&amp;path=61_69
MOD DETAILS:
   modFile   : /home/ho3f937/public_html/vqmod/xml/hide-tax.xml
   id        : Hide Cart Button
   version   : 1.0
   vqmver    : 1.0.8
   author    : Ariel Orozco
SEARCH NOT FOUND (ABORTING MOD): <br />
						<span class="price-tax"><?php echo $text_tax; ?> <?php echo $product['tax']; ?></span>
MOD DETAILS:
   modFile   : /home/ho3f937/public_html/vqmod/xml/remove_wishlist_and_compare.xml
   id        : Remove Wishlist and Compare Features
   version   : 1.0
   vqmver    : 2.1.5
   author    : VINDHYAVART
SEARCH NOT FOUND (ABORTING MOD): <div class="product-compare"><a href="<?php echo $compare; ?>" id="compare-total"><?php echo $text_compare; ?></a></div>
----------------------------------------------------------------------


---------- Date: 2014-04-07 11:55:40 ~ IP : 1.54.108.35 ----------
REQUEST URI : /index.php?route=product/category&amp;path=61
MOD DETAILS:
   modFile   : /home/ho3f937/public_html/vqmod/xml/hide-tax.xml
   id        : Hide Cart Button
   version   : 1.0
   vqmver    : 1.0.8
   author    : Ariel Orozco
SEARCH NOT FOUND (ABORTING MOD): <br />
						<span class="price-tax"><?php echo $text_tax; ?> <?php echo $product['tax']; ?></span>
MOD DETAILS:
   modFile   : /home/ho3f937/public_html/vqmod/xml/remove_wishlist_and_compare.xml
   id        : Remove Wishlist and Compare Features
   version   : 1.0
   vqmver    : 2.1.5
   author    : VINDHYAVART
SEARCH NOT FOUND (ABORTING MOD): <div class="product-compare"><a href="<?php echo $compare; ?>" id="compare-total"><?php echo $text_compare; ?></a></div>
----------------------------------------------------------------------


---------- Date: 2014-04-07 11:55:43 ~ IP : 1.54.108.35 ----------
REQUEST URI : /index.php?route=product/category&amp;path=61
MOD DETAILS:
   modFile   : /home/ho3f937/public_html/vqmod/xml/hide-tax.xml
   id        : Hide Cart Button
   version   : 1.0
   vqmver    : 1.0.8
   author    : Ariel Orozco
SEARCH NOT FOUND (ABORTING MOD): <br />
						<span class="price-tax"><?php echo $text_tax; ?> <?php echo $product['tax']; ?></span>
MOD DETAILS:
   modFile   : /home/ho3f937/public_html/vqmod/xml/remove_wishlist_and_compare.xml
   id        : Remove Wishlist and Compare Features
   version   : 1.0
   vqmver    : 2.1.5
   author    : VINDHYAVART
SEARCH NOT FOUND (ABORTING MOD): <div class="product-compare"><a href="<?php echo $compare; ?>" id="compare-total"><?php echo $text_compare; ?></a></div>
----------------------------------------------------------------------


---------- Date: 2014-04-07 11:55:43 ~ IP : 1.54.108.35 ----------
REQUEST URI : /index.php?route=product/category&amp;path=61_69
MOD DETAILS:
   modFile   : /home/ho3f937/public_html/vqmod/xml/hide-tax.xml
   id        : Hide Cart Button
   version   : 1.0
   vqmver    : 1.0.8
   author    : Ariel Orozco
SEARCH NOT FOUND (ABORTING MOD): <br />
						<span class="price-tax"><?php echo $text_tax; ?> <?php echo $product['tax']; ?></span>
MOD DETAILS:
   modFile   : /home/ho3f937/public_html/vqmod/xml/remove_wishlist_and_compare.xml
   id        : Remove Wishlist and Compare Features
   version   : 1.0
   vqmver    : 2.1.5
   author    : VINDHYAVART
SEARCH NOT FOUND (ABORTING MOD): <div class="product-compare"><a href="<?php echo $compare; ?>" id="compare-total"><?php echo $text_compare; ?></a></div>
----------------------------------------------------------------------


---------- Date: 2014-04-07 11:55:45 ~ IP : 1.54.108.35 ----------
REQUEST URI : /index.php?route=product/category&amp;path=61_69
MOD DETAILS:
   modFile   : /home/ho3f937/public_html/vqmod/xml/hide-tax.xml
   id        : Hide Cart Button
   version   : 1.0
   vqmver    : 1.0.8
   author    : Ariel Orozco
SEARCH NOT FOUND (ABORTING MOD): <br />
						<span class="price-tax"><?php echo $text_tax; ?> <?php echo $product['tax']; ?></span>
MOD DETAILS:
   modFile   : /home/ho3f937/public_html/vqmod/xml/remove_wishlist_and_compare.xml
   id        : Remove Wishlist and Compare Features
   version   : 1.0
   vqmver    : 2.1.5
   author    : VINDHYAVART
SEARCH NOT FOUND (ABORTING MOD): <div class="product-compare"><a href="<?php echo $compare; ?>" id="compare-total"><?php echo $text_compare; ?></a></div>
----------------------------------------------------------------------


---------- Date: 2014-04-07 16:13:11 ~ IP : 1.53.224.53 ----------
REQUEST URI : /index.php?route=product/category&amp;path=61&amp;page=9
MOD DETAILS:
   modFile   : /home/ho3f937/public_html/vqmod/xml/hide-tax.xml
   id        : Hide Cart Button
   version   : 1.0
   vqmver    : 1.0.8
   author    : Ariel Orozco
SEARCH NOT FOUND (ABORTING MOD): <br />
						<span class="price-tax"><?php echo $text_tax; ?> <?php echo $product['tax']; ?></span>
MOD DETAILS:
   modFile   : /home/ho3f937/public_html/vqmod/xml/remove_wishlist_and_compare.xml
   id        : Remove Wishlist and Compare Features
   version   : 1.0
   vqmver    : 2.1.5
   author    : VINDHYAVART
SEARCH NOT FOUND (ABORTING MOD): <div class="product-compare"><a href="<?php echo $compare; ?>" id="compare-total"><?php echo $text_compare; ?></a></div>
----------------------------------------------------------------------


---------- Date: 2014-04-07 16:14:40 ~ IP : 1.53.224.53 ----------
REQUEST URI : /index.php?route=product/product&amp;path=61&amp;product_id=91
MOD DETAILS:
   modFile   : /home/ho3f937/public_html/vqmod/xml/hide-tax.xml
   id        : Hide Cart Button
   version   : 1.0
   vqmver    : 1.0.8
   author    : Ariel Orozco
SEARCH NOT FOUND (ABORTING MOD): <span class="price-tax"><?php echo $text_tax; ?> <?php echo $tax; ?></span><br />

----------------------------------------------------------------------


---------- Date: 2014-04-07 16:15:08 ~ IP : 1.53.224.53 ----------
REQUEST URI : /index.php?route=product/category&amp;path=61&amp;page=9
MOD DETAILS:
   modFile   : /home/ho3f937/public_html/vqmod/xml/hide-tax.xml
   id        : Hide Cart Button
   version   : 1.0
   vqmver    : 1.0.8
   author    : Ariel Orozco
SEARCH NOT FOUND (ABORTING MOD): <br />
						<span class="price-tax"><?php echo $text_tax; ?> <?php echo $product['tax']; ?></span>
MOD DETAILS:
   modFile   : /home/ho3f937/public_html/vqmod/xml/remove_wishlist_and_compare.xml
   id        : Remove Wishlist and Compare Features
   version   : 1.0
   vqmver    : 2.1.5
   author    : VINDHYAVART
SEARCH NOT FOUND (ABORTING MOD): <div class="product-compare"><a href="<?php echo $compare; ?>" id="compare-total"><?php echo $text_compare; ?></a></div>
----------------------------------------------------------------------


---------- Date: 2014-04-07 16:15:15 ~ IP : 1.53.224.53 ----------
REQUEST URI : /index.php?route=product/category&amp;path=61&amp;page=10
MOD DETAILS:
   modFile   : /home/ho3f937/public_html/vqmod/xml/hide-tax.xml
   id        : Hide Cart Button
   version   : 1.0
   vqmver    : 1.0.8
   author    : Ariel Orozco
SEARCH NOT FOUND (ABORTING MOD): <br />
						<span class="price-tax"><?php echo $text_tax; ?> <?php echo $product['tax']; ?></span>
MOD DETAILS:
   modFile   : /home/ho3f937/public_html/vqmod/xml/remove_wishlist_and_compare.xml
   id        : Remove Wishlist and Compare Features
   version   : 1.0
   vqmver    : 2.1.5
   author    : VINDHYAVART
SEARCH NOT FOUND (ABORTING MOD): <div class="product-compare"><a href="<?php echo $compare; ?>" id="compare-total"><?php echo $text_compare; ?></a></div>
----------------------------------------------------------------------


---------- Date: 2014-04-07 16:15:22 ~ IP : 1.53.224.53 ----------
REQUEST URI : /index.php?route=product/category&amp;path=61&amp;page=3
MOD DETAILS:
   modFile   : /home/ho3f937/public_html/vqmod/xml/hide-tax.xml
   id        : Hide Cart Button
   version   : 1.0
   vqmver    : 1.0.8
   author    : Ariel Orozco
SEARCH NOT FOUND (ABORTING MOD): <br />
						<span class="price-tax"><?php echo $text_tax; ?> <?php echo $product['tax']; ?></span>
MOD DETAILS:
   modFile   : /home/ho3f937/public_html/vqmod/xml/remove_wishlist_and_compare.xml
   id        : Remove Wishlist and Compare Features
   version   : 1.0
   vqmver    : 2.1.5
   author    : VINDHYAVART
SEARCH NOT FOUND (ABORTING MOD): <div class="product-compare"><a href="<?php echo $compare; ?>" id="compare-total"><?php echo $text_compare; ?></a></div>
----------------------------------------------------------------------


---------- Date: 2014-04-07 16:15:30 ~ IP : 1.53.224.53 ----------
REQUEST URI : /index.php?route=product/category&amp;path=61&amp;page=4
MOD DETAILS:
   modFile   : /home/ho3f937/public_html/vqmod/xml/hide-tax.xml
   id        : Hide Cart Button
   version   : 1.0
   vqmver    : 1.0.8
   author    : Ariel Orozco
SEARCH NOT FOUND (ABORTING MOD): <br />
						<span class="price-tax"><?php echo $text_tax; ?> <?php echo $product['tax']; ?></span>
MOD DETAILS:
   modFile   : /home/ho3f937/public_html/vqmod/xml/remove_wishlist_and_compare.xml
   id        : Remove Wishlist and Compare Features
   version   : 1.0
   vqmver    : 2.1.5
   author    : VINDHYAVART
SEARCH NOT FOUND (ABORTING MOD): <div class="product-compare"><a href="<?php echo $compare; ?>" id="compare-total"><?php echo $text_compare; ?></a></div>
----------------------------------------------------------------------


---------- Date: 2014-04-07 16:15:37 ~ IP : 1.53.224.53 ----------
REQUEST URI : /index.php?route=product/category&amp;path=61_71
MOD DETAILS:
   modFile   : /home/ho3f937/public_html/vqmod/xml/hide-tax.xml
   id        : Hide Cart Button
   version   : 1.0
   vqmver    : 1.0.8
   author    : Ariel Orozco
SEARCH NOT FOUND (ABORTING MOD): <br />
						<span class="price-tax"><?php echo $text_tax; ?> <?php echo $product['tax']; ?></span>
MOD DETAILS:
   modFile   : /home/ho3f937/public_html/vqmod/xml/remove_wishlist_and_compare.xml
   id        : Remove Wishlist and Compare Features
   version   : 1.0
   vqmver    : 2.1.5
   author    : VINDHYAVART
SEARCH NOT FOUND (ABORTING MOD): <div class="product-compare"><a href="<?php echo $compare; ?>" id="compare-total"><?php echo $text_compare; ?></a></div>
----------------------------------------------------------------------


---------- Date: 2014-04-07 16:15:46 ~ IP : 1.53.224.53 ----------
REQUEST URI : /index.php?route=product/category&amp;path=61_69
MOD DETAILS:
   modFile   : /home/ho3f937/public_html/vqmod/xml/hide-tax.xml
   id        : Hide Cart Button
   version   : 1.0
   vqmver    : 1.0.8
   author    : Ariel Orozco
SEARCH NOT FOUND (ABORTING MOD): <br />
						<span class="price-tax"><?php echo $text_tax; ?> <?php echo $product['tax']; ?></span>
MOD DETAILS:
   modFile   : /home/ho3f937/public_html/vqmod/xml/remove_wishlist_and_compare.xml
   id        : Remove Wishlist and Compare Features
   version   : 1.0
   vqmver    : 2.1.5
   author    : VINDHYAVART
SEARCH NOT FOUND (ABORTING MOD): <div class="product-compare"><a href="<?php echo $compare; ?>" id="compare-total"><?php echo $text_compare; ?></a></div>
----------------------------------------------------------------------


---------- Date: 2014-04-07 16:15:55 ~ IP : 1.53.224.53 ----------
REQUEST URI : /index.php?route=product/category&amp;path=61_69&amp;page=2
MOD DETAILS:
   modFile   : /home/ho3f937/public_html/vqmod/xml/hide-tax.xml
   id        : Hide Cart Button
   version   : 1.0
   vqmver    : 1.0.8
   author    : Ariel Orozco
SEARCH NOT FOUND (ABORTING MOD): <br />
						<span class="price-tax"><?php echo $text_tax; ?> <?php echo $product['tax']; ?></span>
MOD DETAILS:
   modFile   : /home/ho3f937/public_html/vqmod/xml/remove_wishlist_and_compare.xml
   id        : Remove Wishlist and Compare Features
   version   : 1.0
   vqmver    : 2.1.5
   author    : VINDHYAVART
SEARCH NOT FOUND (ABORTING MOD): <div class="product-compare"><a href="<?php echo $compare; ?>" id="compare-total"><?php echo $text_compare; ?></a></div>
----------------------------------------------------------------------


---------- Date: 2014-04-07 16:16:04 ~ IP : 1.53.224.53 ----------
REQUEST URI : /index.php?route=product/category&amp;path=61_69&amp;page=3
MOD DETAILS:
   modFile   : /home/ho3f937/public_html/vqmod/xml/hide-tax.xml
   id        : Hide Cart Button
   version   : 1.0
   vqmver    : 1.0.8
   author    : Ariel Orozco
SEARCH NOT FOUND (ABORTING MOD): <br />
						<span class="price-tax"><?php echo $text_tax; ?> <?php echo $product['tax']; ?></span>
MOD DETAILS:
   modFile   : /home/ho3f937/public_html/vqmod/xml/remove_wishlist_and_compare.xml
   id        : Remove Wishlist and Compare Features
   version   : 1.0
   vqmver    : 2.1.5
   author    : VINDHYAVART
SEARCH NOT FOUND (ABORTING MOD): <div class="product-compare"><a href="<?php echo $compare; ?>" id="compare-total"><?php echo $text_compare; ?></a></div>
----------------------------------------------------------------------


---------- Date: 2014-04-07 16:59:53 ~ IP : 65.49.14.152 ----------
REQUEST URI : /index.php?route=product/category&amp;path=66
MOD DETAILS:
   modFile   : /home/ho3f937/public_html/vqmod/xml/hide-tax.xml
   id        : Hide Cart Button
   version   : 1.0
   vqmver    : 1.0.8
   author    : Ariel Orozco
SEARCH NOT FOUND (ABORTING MOD): <br />
						<span class="price-tax"><?php echo $text_tax; ?> <?php echo $product['tax']; ?></span>
MOD DETAILS:
   modFile   : /home/ho3f937/public_html/vqmod/xml/remove_wishlist_and_compare.xml
   id        : Remove Wishlist and Compare Features
   version   : 1.0
   vqmver    : 2.1.5
   author    : VINDHYAVART
SEARCH NOT FOUND (ABORTING MOD): <div class="product-compare"><a href="<?php echo $compare; ?>" id="compare-total"><?php echo $text_compare; ?></a></div>
----------------------------------------------------------------------


---------- Date: 2014-04-07 17:00:06 ~ IP : 65.49.14.162 ----------
REQUEST URI : /index.php?route=product/category&amp;path=61_69
MOD DETAILS:
   modFile   : /home/ho3f937/public_html/vqmod/xml/hide-tax.xml
   id        : Hide Cart Button
   version   : 1.0
   vqmver    : 1.0.8
   author    : Ariel Orozco
SEARCH NOT FOUND (ABORTING MOD): <br />
						<span class="price-tax"><?php echo $text_tax; ?> <?php echo $product['tax']; ?></span>
MOD DETAILS:
   modFile   : /home/ho3f937/public_html/vqmod/xml/remove_wishlist_and_compare.xml
   id        : Remove Wishlist and Compare Features
   version   : 1.0
   vqmver    : 2.1.5
   author    : VINDHYAVART
SEARCH NOT FOUND (ABORTING MOD): <div class="product-compare"><a href="<?php echo $compare; ?>" id="compare-total"><?php echo $text_compare; ?></a></div>
----------------------------------------------------------------------


---------- Date: 2014-04-07 17:00:21 ~ IP : 65.49.14.76 ----------
REQUEST URI : /index.php?route=product/category&amp;path=61_69&amp;page=2
MOD DETAILS:
   modFile   : /home/ho3f937/public_html/vqmod/xml/hide-tax.xml
   id        : Hide Cart Button
   version   : 1.0
   vqmver    : 1.0.8
   author    : Ariel Orozco
SEARCH NOT FOUND (ABORTING MOD): <br />
						<span class="price-tax"><?php echo $text_tax; ?> <?php echo $product['tax']; ?></span>
MOD DETAILS:
   modFile   : /home/ho3f937/public_html/vqmod/xml/remove_wishlist_and_compare.xml
   id        : Remove Wishlist and Compare Features
   version   : 1.0
   vqmver    : 2.1.5
   author    : VINDHYAVART
SEARCH NOT FOUND (ABORTING MOD): <div class="product-compare"><a href="<?php echo $compare; ?>" id="compare-total"><?php echo $text_compare; ?></a></div>
----------------------------------------------------------------------


---------- Date: 2014-04-07 17:00:31 ~ IP : 65.49.14.89 ----------
REQUEST URI : /index.php?route=product/category&amp;path=61_69&amp;page=3
MOD DETAILS:
   modFile   : /home/ho3f937/public_html/vqmod/xml/hide-tax.xml
   id        : Hide Cart Button
   version   : 1.0
   vqmver    : 1.0.8
   author    : Ariel Orozco
SEARCH NOT FOUND (ABORTING MOD): <br />
						<span class="price-tax"><?php echo $text_tax; ?> <?php echo $product['tax']; ?></span>
MOD DETAILS:
   modFile   : /home/ho3f937/public_html/vqmod/xml/remove_wishlist_and_compare.xml
   id        : Remove Wishlist and Compare Features
   version   : 1.0
   vqmver    : 2.1.5
   author    : VINDHYAVART
SEARCH NOT FOUND (ABORTING MOD): <div class="product-compare"><a href="<?php echo $compare; ?>" id="compare-total"><?php echo $text_compare; ?></a></div>
----------------------------------------------------------------------


---------- Date: 2014-04-07 17:01:00 ~ IP : 65.49.14.59 ----------
REQUEST URI : /index.php?route=product/category&amp;path=73
MOD DETAILS:
   modFile   : /home/ho3f937/public_html/vqmod/xml/hide-tax.xml
   id        : Hide Cart Button
   version   : 1.0
   vqmver    : 1.0.8
   author    : Ariel Orozco
SEARCH NOT FOUND (ABORTING MOD): <br />
						<span class="price-tax"><?php echo $text_tax; ?> <?php echo $product['tax']; ?></span>
MOD DETAILS:
   modFile   : /home/ho3f937/public_html/vqmod/xml/remove_wishlist_and_compare.xml
   id        : Remove Wishlist and Compare Features
   version   : 1.0
   vqmver    : 2.1.5
   author    : VINDHYAVART
SEARCH NOT FOUND (ABORTING MOD): <div class="product-compare"><a href="<?php echo $compare; ?>" id="compare-total"><?php echo $text_compare; ?></a></div>
----------------------------------------------------------------------


---------- Date: 2014-04-07 17:02:42 ~ IP : 65.49.14.74 ----------
REQUEST URI : /index.php?route=product/category&amp;path=61
MOD DETAILS:
   modFile   : /home/ho3f937/public_html/vqmod/xml/hide-tax.xml
   id        : Hide Cart Button
   version   : 1.0
   vqmver    : 1.0.8
   author    : Ariel Orozco
SEARCH NOT FOUND (ABORTING MOD): <br />
						<span class="price-tax"><?php echo $text_tax; ?> <?php echo $product['tax']; ?></span>
MOD DETAILS:
   modFile   : /home/ho3f937/public_html/vqmod/xml/remove_wishlist_and_compare.xml
   id        : Remove Wishlist and Compare Features
   version   : 1.0
   vqmver    : 2.1.5
   author    : VINDHYAVART
SEARCH NOT FOUND (ABORTING MOD): <div class="product-compare"><a href="<?php echo $compare; ?>" id="compare-total"><?php echo $text_compare; ?></a></div>
----------------------------------------------------------------------


---------- Date: 2014-04-07 17:02:48 ~ IP : 65.49.14.59 ----------
REQUEST URI : /index.php?route=product/category&amp;path=73
MOD DETAILS:
   modFile   : /home/ho3f937/public_html/vqmod/xml/hide-tax.xml
   id        : Hide Cart Button
   version   : 1.0
   vqmver    : 1.0.8
   author    : Ariel Orozco
SEARCH NOT FOUND (ABORTING MOD): <br />
						<span class="price-tax"><?php echo $text_tax; ?> <?php echo $product['tax']; ?></span>
MOD DETAILS:
   modFile   : /home/ho3f937/public_html/vqmod/xml/remove_wishlist_and_compare.xml
   id        : Remove Wishlist and Compare Features
   version   : 1.0
   vqmver    : 2.1.5
   author    : VINDHYAVART
SEARCH NOT FOUND (ABORTING MOD): <div class="product-compare"><a href="<?php echo $compare; ?>" id="compare-total"><?php echo $text_compare; ?></a></div>
----------------------------------------------------------------------


---------- Date: 2014-04-07 17:30:16 ~ IP : 5.175.153.80 ----------
REQUEST URI : /index.php?route=product/category&amp;path=66
MOD DETAILS:
   modFile   : /home/ho3f937/public_html/vqmod/xml/hide-tax.xml
   id        : Hide Cart Button
   version   : 1.0
   vqmver    : 1.0.8
   author    : Ariel Orozco
SEARCH NOT FOUND (ABORTING MOD): <br />
						<span class="price-tax"><?php echo $text_tax; ?> <?php echo $product['tax']; ?></span>
MOD DETAILS:
   modFile   : /home/ho3f937/public_html/vqmod/xml/remove_wishlist_and_compare.xml
   id        : Remove Wishlist and Compare Features
   version   : 1.0
   vqmver    : 2.1.5
   author    : VINDHYAVART
SEARCH NOT FOUND (ABORTING MOD): <div class="product-compare"><a href="<?php echo $compare; ?>" id="compare-total"><?php echo $text_compare; ?></a></div>
----------------------------------------------------------------------


---------- Date: 2014-04-07 18:34:00 ~ IP : 66.249.66.131 ----------
REQUEST URI : /index.php?route=product/product&amp;path=61_70&amp;product_id=125
MOD DETAILS:
   modFile   : /home/ho3f937/public_html/vqmod/xml/hide-tax.xml
   id        : Hide Cart Button
   version   : 1.0
   vqmver    : 1.0.8
   author    : Ariel Orozco
SEARCH NOT FOUND (ABORTING MOD): <span class="price-tax"><?php echo $text_tax; ?> <?php echo $tax; ?></span><br />

----------------------------------------------------------------------


---------- Date: 2014-04-07 21:31:47 ~ IP : 123.20.0.23 ----------
REQUEST URI : /index.php?route=product/category&amp;path=61
MOD DETAILS:
   modFile   : /home/ho3f937/public_html/vqmod/xml/hide-tax.xml
   id        : Hide Cart Button
   version   : 1.0
   vqmver    : 1.0.8
   author    : Ariel Orozco
SEARCH NOT FOUND (ABORTING MOD): <br />
						<span class="price-tax"><?php echo $text_tax; ?> <?php echo $product['tax']; ?></span>
MOD DETAILS:
   modFile   : /home/ho3f937/public_html/vqmod/xml/remove_wishlist_and_compare.xml
   id        : Remove Wishlist and Compare Features
   version   : 1.0
   vqmver    : 2.1.5
   author    : VINDHYAVART
SEARCH NOT FOUND (ABORTING MOD): <div class="product-compare"><a href="<?php echo $compare; ?>" id="compare-total"><?php echo $text_compare; ?></a></div>
----------------------------------------------------------------------


---------- Date: 2014-04-07 21:31:57 ~ IP : 123.20.0.23 ----------
REQUEST URI : /index.php?route=product/category&amp;path=61_71
MOD DETAILS:
   modFile   : /home/ho3f937/public_html/vqmod/xml/hide-tax.xml
   id        : Hide Cart Button
   version   : 1.0
   vqmver    : 1.0.8
   author    : Ariel Orozco
SEARCH NOT FOUND (ABORTING MOD): <br />
						<span class="price-tax"><?php echo $text_tax; ?> <?php echo $product['tax']; ?></span>
MOD DETAILS:
   modFile   : /home/ho3f937/public_html/vqmod/xml/remove_wishlist_and_compare.xml
   id        : Remove Wishlist and Compare Features
   version   : 1.0
   vqmver    : 2.1.5
   author    : VINDHYAVART
SEARCH NOT FOUND (ABORTING MOD): <div class="product-compare"><a href="<?php echo $compare; ?>" id="compare-total"><?php echo $text_compare; ?></a></div>
----------------------------------------------------------------------


---------- Date: 2014-04-07 21:32:06 ~ IP : 123.20.0.23 ----------
REQUEST URI : /index.php?route=product/category&amp;path=61
MOD DETAILS:
   modFile   : /home/ho3f937/public_html/vqmod/xml/hide-tax.xml
   id        : Hide Cart Button
   version   : 1.0
   vqmver    : 1.0.8
   author    : Ariel Orozco
SEARCH NOT FOUND (ABORTING MOD): <br />
						<span class="price-tax"><?php echo $text_tax; ?> <?php echo $product['tax']; ?></span>
MOD DETAILS:
   modFile   : /home/ho3f937/public_html/vqmod/xml/remove_wishlist_and_compare.xml
   id        : Remove Wishlist and Compare Features
   version   : 1.0
   vqmver    : 2.1.5
   author    : VINDHYAVART
SEARCH NOT FOUND (ABORTING MOD): <div class="product-compare"><a href="<?php echo $compare; ?>" id="compare-total"><?php echo $text_compare; ?></a></div>
----------------------------------------------------------------------


