---------- Date: 2014-04-05 00:13:21 ~ IP : 66.249.66.113 ----------
REQUEST URI : /index.php?route=product/category&amp;path=61_70
MOD DETAILS:
   modFile   : /home/ho3f937/public_html/vqmod/xml/hide-tax.xml
   id        : Hide Cart Button
   version   : 1.0
   vqmver    : 1.0.8
   author    : Ariel Orozco
SEARCH NOT FOUND (ABORTING MOD): <br />
						<span class="price-tax"><?php echo $text_tax; ?> <?php echo $product['tax']; ?></span>
MOD DETAILS:
   modFile   : /home/ho3f937/public_html/vqmod/xml/remove_wishlist_and_compare.xml
   id        : Remove Wishlist and Compare Features
   version   : 1.0
   vqmver    : 2.1.5
   author    : VINDHYAVART
SEARCH NOT FOUND (ABORTING MOD): <div class="product-compare"><a href="<?php echo $compare; ?>" id="compare-total"><?php echo $text_compare; ?></a></div>
----------------------------------------------------------------------


---------- Date: 2014-04-05 00:52:16 ~ IP : 199.30.26.221 ----------
REQUEST URI : /index.php?route=product/product&amp;path=61&amp;product_id=167
MOD DETAILS:
   modFile   : /home/ho3f937/public_html/vqmod/xml/hide-tax.xml
   id        : Hide Cart Button
   version   : 1.0
   vqmver    : 1.0.8
   author    : Ariel Orozco
SEARCH NOT FOUND (ABORTING MOD): <span class="price-tax"><?php echo $text_tax; ?> <?php echo $tax; ?></span><br />

----------------------------------------------------------------------


---------- Date: 2014-04-05 04:22:32 ~ IP : 66.249.66.129 ----------
REQUEST URI : /index.php?route=product/product&amp;path=61_71&amp;product_id=195
MOD DETAILS:
   modFile   : /home/ho3f937/public_html/vqmod/xml/hide-tax.xml
   id        : Hide Cart Button
   version   : 1.0
   vqmver    : 1.0.8
   author    : Ariel Orozco
SEARCH NOT FOUND (ABORTING MOD): <span class="price-tax"><?php echo $text_tax; ?> <?php echo $tax; ?></span><br />

----------------------------------------------------------------------


---------- Date: 2014-04-05 05:08:14 ~ IP : 66.249.66.126 ----------
REQUEST URI : /index.php?route=product/product&amp;path=61_71&amp;product_id=194
MOD DETAILS:
   modFile   : /home/ho3f937/public_html/vqmod/xml/hide-tax.xml
   id        : Hide Cart Button
   version   : 1.0
   vqmver    : 1.0.8
   author    : Ariel Orozco
SEARCH NOT FOUND (ABORTING MOD): <span class="price-tax"><?php echo $text_tax; ?> <?php echo $tax; ?></span><br />

----------------------------------------------------------------------


---------- Date: 2014-04-05 05:15:30 ~ IP : 66.249.66.98 ----------
REQUEST URI : /index.php?route=product/product&amp;path=61_69&amp;product_id=252
MOD DETAILS:
   modFile   : /home/ho3f937/public_html/vqmod/xml/hide-tax.xml
   id        : Hide Cart Button
   version   : 1.0
   vqmver    : 1.0.8
   author    : Ariel Orozco
SEARCH NOT FOUND (ABORTING MOD): <span class="price-tax"><?php echo $text_tax; ?> <?php echo $tax; ?></span><br />

----------------------------------------------------------------------


---------- Date: 2014-04-05 06:33:09 ~ IP : 66.249.66.133 ----------
REQUEST URI : /index.php?route=product/category&amp;path=61_70&amp;sort=pd.name&amp;order=ASC
MOD DETAILS:
   modFile   : /home/ho3f937/public_html/vqmod/xml/hide-tax.xml
   id        : Hide Cart Button
   version   : 1.0
   vqmver    : 1.0.8
   author    : Ariel Orozco
SEARCH NOT FOUND (ABORTING MOD): <br />
						<span class="price-tax"><?php echo $text_tax; ?> <?php echo $product['tax']; ?></span>
MOD DETAILS:
   modFile   : /home/ho3f937/public_html/vqmod/xml/remove_wishlist_and_compare.xml
   id        : Remove Wishlist and Compare Features
   version   : 1.0
   vqmver    : 2.1.5
   author    : VINDHYAVART
SEARCH NOT FOUND (ABORTING MOD): <div class="product-compare"><a href="<?php echo $compare; ?>" id="compare-total"><?php echo $text_compare; ?></a></div>
----------------------------------------------------------------------


---------- Date: 2014-04-05 07:03:45 ~ IP : 157.55.34.104 ----------
REQUEST URI : /index.php?route=product/category&amp;path=61&amp;page=3
MOD DETAILS:
   modFile   : /home/ho3f937/public_html/vqmod/xml/hide-tax.xml
   id        : Hide Cart Button
   version   : 1.0
   vqmver    : 1.0.8
   author    : Ariel Orozco
SEARCH NOT FOUND (ABORTING MOD): <br />
						<span class="price-tax"><?php echo $text_tax; ?> <?php echo $product['tax']; ?></span>
MOD DETAILS:
   modFile   : /home/ho3f937/public_html/vqmod/xml/remove_wishlist_and_compare.xml
   id        : Remove Wishlist and Compare Features
   version   : 1.0
   vqmver    : 2.1.5
   author    : VINDHYAVART
SEARCH NOT FOUND (ABORTING MOD): <div class="product-compare"><a href="<?php echo $compare; ?>" id="compare-total"><?php echo $text_compare; ?></a></div>
----------------------------------------------------------------------


---------- Date: 2014-04-05 07:05:22 ~ IP : 157.55.33.250 ----------
REQUEST URI : /index.php?route=product/category&amp;path=61&amp;page=2
MOD DETAILS:
   modFile   : /home/ho3f937/public_html/vqmod/xml/hide-tax.xml
   id        : Hide Cart Button
   version   : 1.0
   vqmver    : 1.0.8
   author    : Ariel Orozco
SEARCH NOT FOUND (ABORTING MOD): <br />
						<span class="price-tax"><?php echo $text_tax; ?> <?php echo $product['tax']; ?></span>
MOD DETAILS:
   modFile   : /home/ho3f937/public_html/vqmod/xml/remove_wishlist_and_compare.xml
   id        : Remove Wishlist and Compare Features
   version   : 1.0
   vqmver    : 2.1.5
   author    : VINDHYAVART
SEARCH NOT FOUND (ABORTING MOD): <div class="product-compare"><a href="<?php echo $compare; ?>" id="compare-total"><?php echo $text_compare; ?></a></div>
----------------------------------------------------------------------


---------- Date: 2014-04-05 07:21:43 ~ IP : 66.249.66.91 ----------
REQUEST URI : /index.php?route=product/category&amp;path=61_72&amp;sort=p.date_modified&amp;order=DESC
MOD DETAILS:
   modFile   : /home/ho3f937/public_html/vqmod/xml/hide-tax.xml
   id        : Hide Cart Button
   version   : 1.0
   vqmver    : 1.0.8
   author    : Ariel Orozco
SEARCH NOT FOUND (ABORTING MOD): <br />
						<span class="price-tax"><?php echo $text_tax; ?> <?php echo $product['tax']; ?></span>
MOD DETAILS:
   modFile   : /home/ho3f937/public_html/vqmod/xml/remove_wishlist_and_compare.xml
   id        : Remove Wishlist and Compare Features
   version   : 1.0
   vqmver    : 2.1.5
   author    : VINDHYAVART
SEARCH NOT FOUND (ABORTING MOD): <div class="product-compare"><a href="<?php echo $compare; ?>" id="compare-total"><?php echo $text_compare; ?></a></div>
----------------------------------------------------------------------


---------- Date: 2014-04-05 08:02:36 ~ IP : 66.249.66.138 ----------
REQUEST URI : /index.php?route=product/product&amp;path=61&amp;product_id=86
MOD DETAILS:
   modFile   : /home/ho3f937/public_html/vqmod/xml/hide-tax.xml
   id        : Hide Cart Button
   version   : 1.0
   vqmver    : 1.0.8
   author    : Ariel Orozco
SEARCH NOT FOUND (ABORTING MOD): <span class="price-tax"><?php echo $text_tax; ?> <?php echo $tax; ?></span><br />

----------------------------------------------------------------------


---------- Date: 2014-04-05 08:26:37 ~ IP : 157.55.35.94 ----------
REQUEST URI : /index.php?route=product/category&amp;path=61
MOD DETAILS:
   modFile   : /home/ho3f937/public_html/vqmod/xml/hide-tax.xml
   id        : Hide Cart Button
   version   : 1.0
   vqmver    : 1.0.8
   author    : Ariel Orozco
SEARCH NOT FOUND (ABORTING MOD): <br />
						<span class="price-tax"><?php echo $text_tax; ?> <?php echo $product['tax']; ?></span>
MOD DETAILS:
   modFile   : /home/ho3f937/public_html/vqmod/xml/remove_wishlist_and_compare.xml
   id        : Remove Wishlist and Compare Features
   version   : 1.0
   vqmver    : 2.1.5
   author    : VINDHYAVART
SEARCH NOT FOUND (ABORTING MOD): <div class="product-compare"><a href="<?php echo $compare; ?>" id="compare-total"><?php echo $text_compare; ?></a></div>
----------------------------------------------------------------------


---------- Date: 2014-04-05 08:45:36 ~ IP : 66.249.66.101 ----------
REQUEST URI : /index.php?route=product/product&amp;path=61&amp;product_id=148&amp;limit=50
MOD DETAILS:
   modFile   : /home/ho3f937/public_html/vqmod/xml/hide-tax.xml
   id        : Hide Cart Button
   version   : 1.0
   vqmver    : 1.0.8
   author    : Ariel Orozco
SEARCH NOT FOUND (ABORTING MOD): <span class="price-tax"><?php echo $text_tax; ?> <?php echo $tax; ?></span><br />

----------------------------------------------------------------------


---------- Date: 2014-04-05 08:59:13 ~ IP : 118.69.136.211 ----------
REQUEST URI : /index.php?route=product/category&amp;path=61_69
MOD DETAILS:
   modFile   : /home/ho3f937/public_html/vqmod/xml/hide-tax.xml
   id        : Hide Cart Button
   version   : 1.0
   vqmver    : 1.0.8
   author    : Ariel Orozco
SEARCH NOT FOUND (ABORTING MOD): <br />
						<span class="price-tax"><?php echo $text_tax; ?> <?php echo $product['tax']; ?></span>
MOD DETAILS:
   modFile   : /home/ho3f937/public_html/vqmod/xml/remove_wishlist_and_compare.xml
   id        : Remove Wishlist and Compare Features
   version   : 1.0
   vqmver    : 2.1.5
   author    : VINDHYAVART
SEARCH NOT FOUND (ABORTING MOD): <div class="product-compare"><a href="<?php echo $compare; ?>" id="compare-total"><?php echo $text_compare; ?></a></div>
----------------------------------------------------------------------


---------- Date: 2014-04-05 09:23:07 ~ IP : 66.249.66.113 ----------
REQUEST URI : /index.php?route=product/product&amp;path=61&amp;product_id=148&amp;sort=p.date_modified&amp;order=DESC
MOD DETAILS:
   modFile   : /home/ho3f937/public_html/vqmod/xml/hide-tax.xml
   id        : Hide Cart Button
   version   : 1.0
   vqmver    : 1.0.8
   author    : Ariel Orozco
SEARCH NOT FOUND (ABORTING MOD): <span class="price-tax"><?php echo $text_tax; ?> <?php echo $tax; ?></span><br />

----------------------------------------------------------------------


---------- Date: 2014-04-05 13:40:28 ~ IP : 113.163.4.37 ----------
REQUEST URI : /index.php?route=product/category&amp;path=66
MOD DETAILS:
   modFile   : /home/ho3f937/public_html/vqmod/xml/hide-tax.xml
   id        : Hide Cart Button
   version   : 1.0
   vqmver    : 1.0.8
   author    : Ariel Orozco
SEARCH NOT FOUND (ABORTING MOD): <br />
						<span class="price-tax"><?php echo $text_tax; ?> <?php echo $product['tax']; ?></span>
MOD DETAILS:
   modFile   : /home/ho3f937/public_html/vqmod/xml/remove_wishlist_and_compare.xml
   id        : Remove Wishlist and Compare Features
   version   : 1.0
   vqmver    : 2.1.5
   author    : VINDHYAVART
SEARCH NOT FOUND (ABORTING MOD): <div class="product-compare"><a href="<?php echo $compare; ?>" id="compare-total"><?php echo $text_compare; ?></a></div>
----------------------------------------------------------------------


---------- Date: 2014-04-05 13:40:49 ~ IP : 113.163.4.37 ----------
REQUEST URI : /index.php?route=product/category&amp;path=61
MOD DETAILS:
   modFile   : /home/ho3f937/public_html/vqmod/xml/hide-tax.xml
   id        : Hide Cart Button
   version   : 1.0
   vqmver    : 1.0.8
   author    : Ariel Orozco
SEARCH NOT FOUND (ABORTING MOD): <br />
						<span class="price-tax"><?php echo $text_tax; ?> <?php echo $product['tax']; ?></span>
MOD DETAILS:
   modFile   : /home/ho3f937/public_html/vqmod/xml/remove_wishlist_and_compare.xml
   id        : Remove Wishlist and Compare Features
   version   : 1.0
   vqmver    : 2.1.5
   author    : VINDHYAVART
SEARCH NOT FOUND (ABORTING MOD): <div class="product-compare"><a href="<?php echo $compare; ?>" id="compare-total"><?php echo $text_compare; ?></a></div>
----------------------------------------------------------------------


---------- Date: 2014-04-05 13:41:02 ~ IP : 113.163.4.37 ----------
REQUEST URI : /index.php?route=product/category&amp;path=61_69
MOD DETAILS:
   modFile   : /home/ho3f937/public_html/vqmod/xml/hide-tax.xml
   id        : Hide Cart Button
   version   : 1.0
   vqmver    : 1.0.8
   author    : Ariel Orozco
SEARCH NOT FOUND (ABORTING MOD): <br />
						<span class="price-tax"><?php echo $text_tax; ?> <?php echo $product['tax']; ?></span>
MOD DETAILS:
   modFile   : /home/ho3f937/public_html/vqmod/xml/remove_wishlist_and_compare.xml
   id        : Remove Wishlist and Compare Features
   version   : 1.0
   vqmver    : 2.1.5
   author    : VINDHYAVART
SEARCH NOT FOUND (ABORTING MOD): <div class="product-compare"><a href="<?php echo $compare; ?>" id="compare-total"><?php echo $text_compare; ?></a></div>
----------------------------------------------------------------------


---------- Date: 2014-04-05 13:41:10 ~ IP : 113.163.4.37 ----------
REQUEST URI : /index.php?route=product/product&amp;path=61_69&amp;product_id=251
MOD DETAILS:
   modFile   : /home/ho3f937/public_html/vqmod/xml/hide-tax.xml
   id        : Hide Cart Button
   version   : 1.0
   vqmver    : 1.0.8
   author    : Ariel Orozco
SEARCH NOT FOUND (ABORTING MOD): <span class="price-tax"><?php echo $text_tax; ?> <?php echo $tax; ?></span><br />

----------------------------------------------------------------------


---------- Date: 2014-04-05 13:41:18 ~ IP : 113.163.4.37 ----------
REQUEST URI : /index.php?route=product/category&amp;path=61_69
MOD DETAILS:
   modFile   : /home/ho3f937/public_html/vqmod/xml/hide-tax.xml
   id        : Hide Cart Button
   version   : 1.0
   vqmver    : 1.0.8
   author    : Ariel Orozco
SEARCH NOT FOUND (ABORTING MOD): <br />
						<span class="price-tax"><?php echo $text_tax; ?> <?php echo $product['tax']; ?></span>
MOD DETAILS:
   modFile   : /home/ho3f937/public_html/vqmod/xml/remove_wishlist_and_compare.xml
   id        : Remove Wishlist and Compare Features
   version   : 1.0
   vqmver    : 2.1.5
   author    : VINDHYAVART
SEARCH NOT FOUND (ABORTING MOD): <div class="product-compare"><a href="<?php echo $compare; ?>" id="compare-total"><?php echo $text_compare; ?></a></div>
----------------------------------------------------------------------


---------- Date: 2014-04-05 13:41:22 ~ IP : 113.163.4.37 ----------
REQUEST URI : /index.php?route=product/category&amp;path=61_69&amp;page=2
MOD DETAILS:
   modFile   : /home/ho3f937/public_html/vqmod/xml/hide-tax.xml
   id        : Hide Cart Button
   version   : 1.0
   vqmver    : 1.0.8
   author    : Ariel Orozco
SEARCH NOT FOUND (ABORTING MOD): <br />
						<span class="price-tax"><?php echo $text_tax; ?> <?php echo $product['tax']; ?></span>
MOD DETAILS:
   modFile   : /home/ho3f937/public_html/vqmod/xml/remove_wishlist_and_compare.xml
   id        : Remove Wishlist and Compare Features
   version   : 1.0
   vqmver    : 2.1.5
   author    : VINDHYAVART
SEARCH NOT FOUND (ABORTING MOD): <div class="product-compare"><a href="<?php echo $compare; ?>" id="compare-total"><?php echo $text_compare; ?></a></div>
----------------------------------------------------------------------


---------- Date: 2014-04-05 13:41:29 ~ IP : 113.163.4.37 ----------
REQUEST URI : /index.php?route=product/product&amp;path=61_69&amp;product_id=83
MOD DETAILS:
   modFile   : /home/ho3f937/public_html/vqmod/xml/hide-tax.xml
   id        : Hide Cart Button
   version   : 1.0
   vqmver    : 1.0.8
   author    : Ariel Orozco
SEARCH NOT FOUND (ABORTING MOD): <span class="price-tax"><?php echo $text_tax; ?> <?php echo $tax; ?></span><br />

----------------------------------------------------------------------


---------- Date: 2014-04-05 13:41:46 ~ IP : 113.163.4.37 ----------
REQUEST URI : /index.php?route=product/category&amp;path=61_69&amp;page=2
MOD DETAILS:
   modFile   : /home/ho3f937/public_html/vqmod/xml/hide-tax.xml
   id        : Hide Cart Button
   version   : 1.0
   vqmver    : 1.0.8
   author    : Ariel Orozco
SEARCH NOT FOUND (ABORTING MOD): <br />
						<span class="price-tax"><?php echo $text_tax; ?> <?php echo $product['tax']; ?></span>
MOD DETAILS:
   modFile   : /home/ho3f937/public_html/vqmod/xml/remove_wishlist_and_compare.xml
   id        : Remove Wishlist and Compare Features
   version   : 1.0
   vqmver    : 2.1.5
   author    : VINDHYAVART
SEARCH NOT FOUND (ABORTING MOD): <div class="product-compare"><a href="<?php echo $compare; ?>" id="compare-total"><?php echo $text_compare; ?></a></div>
----------------------------------------------------------------------


---------- Date: 2014-04-05 14:28:19 ~ IP : 66.249.66.105 ----------
REQUEST URI : /index.php?route=product/product&amp;path=62&amp;product_id=144
MOD DETAILS:
   modFile   : /home/ho3f937/public_html/vqmod/xml/hide-tax.xml
   id        : Hide Cart Button
   version   : 1.0
   vqmver    : 1.0.8
   author    : Ariel Orozco
SEARCH NOT FOUND (ABORTING MOD): <span class="price-tax"><?php echo $text_tax; ?> <?php echo $tax; ?></span><br />

----------------------------------------------------------------------


---------- Date: 2014-04-05 14:45:42 ~ IP : 113.171.35.224 ----------
REQUEST URI : /index.php?route=product/category&amp;path=61_72
MOD DETAILS:
   modFile   : /home/ho3f937/public_html/vqmod/xml/hide-tax.xml
   id        : Hide Cart Button
   version   : 1.0
   vqmver    : 1.0.8
   author    : Ariel Orozco
SEARCH NOT FOUND (ABORTING MOD): <br />
						<span class="price-tax"><?php echo $text_tax; ?> <?php echo $product['tax']; ?></span>
MOD DETAILS:
   modFile   : /home/ho3f937/public_html/vqmod/xml/remove_wishlist_and_compare.xml
   id        : Remove Wishlist and Compare Features
   version   : 1.0
   vqmver    : 2.1.5
   author    : VINDHYAVART
SEARCH NOT FOUND (ABORTING MOD): <div class="product-compare"><a href="<?php echo $compare; ?>" id="compare-total"><?php echo $text_compare; ?></a></div>
----------------------------------------------------------------------


---------- Date: 2014-04-05 14:46:31 ~ IP : 113.171.35.224 ----------
REQUEST URI : /index.php?route=product/category&amp;path=61_69
MOD DETAILS:
   modFile   : /home/ho3f937/public_html/vqmod/xml/hide-tax.xml
   id        : Hide Cart Button
   version   : 1.0
   vqmver    : 1.0.8
   author    : Ariel Orozco
SEARCH NOT FOUND (ABORTING MOD): <br />
						<span class="price-tax"><?php echo $text_tax; ?> <?php echo $product['tax']; ?></span>
MOD DETAILS:
   modFile   : /home/ho3f937/public_html/vqmod/xml/remove_wishlist_and_compare.xml
   id        : Remove Wishlist and Compare Features
   version   : 1.0
   vqmver    : 2.1.5
   author    : VINDHYAVART
SEARCH NOT FOUND (ABORTING MOD): <div class="product-compare"><a href="<?php echo $compare; ?>" id="compare-total"><?php echo $text_compare; ?></a></div>
----------------------------------------------------------------------


---------- Date: 2014-04-05 14:46:49 ~ IP : 113.171.35.224 ----------
REQUEST URI : /index.php?route=product/category&amp;path=61_69&amp;page=2
MOD DETAILS:
   modFile   : /home/ho3f937/public_html/vqmod/xml/hide-tax.xml
   id        : Hide Cart Button
   version   : 1.0
   vqmver    : 1.0.8
   author    : Ariel Orozco
SEARCH NOT FOUND (ABORTING MOD): <br />
						<span class="price-tax"><?php echo $text_tax; ?> <?php echo $product['tax']; ?></span>
MOD DETAILS:
   modFile   : /home/ho3f937/public_html/vqmod/xml/remove_wishlist_and_compare.xml
   id        : Remove Wishlist and Compare Features
   version   : 1.0
   vqmver    : 2.1.5
   author    : VINDHYAVART
SEARCH NOT FOUND (ABORTING MOD): <div class="product-compare"><a href="<?php echo $compare; ?>" id="compare-total"><?php echo $text_compare; ?></a></div>
----------------------------------------------------------------------


---------- Date: 2014-04-05 14:47:15 ~ IP : 113.171.35.224 ----------
REQUEST URI : /index.php?route=product/category&amp;path=61_69&amp;page=3
MOD DETAILS:
   modFile   : /home/ho3f937/public_html/vqmod/xml/hide-tax.xml
   id        : Hide Cart Button
   version   : 1.0
   vqmver    : 1.0.8
   author    : Ariel Orozco
SEARCH NOT FOUND (ABORTING MOD): <br />
						<span class="price-tax"><?php echo $text_tax; ?> <?php echo $product['tax']; ?></span>
MOD DETAILS:
   modFile   : /home/ho3f937/public_html/vqmod/xml/remove_wishlist_and_compare.xml
   id        : Remove Wishlist and Compare Features
   version   : 1.0
   vqmver    : 2.1.5
   author    : VINDHYAVART
SEARCH NOT FOUND (ABORTING MOD): <div class="product-compare"><a href="<?php echo $compare; ?>" id="compare-total"><?php echo $text_compare; ?></a></div>
----------------------------------------------------------------------


---------- Date: 2014-04-05 14:47:43 ~ IP : 113.171.35.224 ----------
REQUEST URI : /index.php?route=product/product&amp;path=61_69&amp;product_id=97
MOD DETAILS:
   modFile   : /home/ho3f937/public_html/vqmod/xml/hide-tax.xml
   id        : Hide Cart Button
   version   : 1.0
   vqmver    : 1.0.8
   author    : Ariel Orozco
SEARCH NOT FOUND (ABORTING MOD): <span class="price-tax"><?php echo $text_tax; ?> <?php echo $tax; ?></span><br />

----------------------------------------------------------------------


---------- Date: 2014-04-05 14:50:28 ~ IP : 113.171.35.224 ----------
REQUEST URI : /index.php?route=product/product&amp;product_id=256
MOD DETAILS:
   modFile   : /home/ho3f937/public_html/vqmod/xml/hide-tax.xml
   id        : Hide Cart Button
   version   : 1.0
   vqmver    : 1.0.8
   author    : Ariel Orozco
SEARCH NOT FOUND (ABORTING MOD): <span class="price-tax"><?php echo $text_tax; ?> <?php echo $tax; ?></span><br />

----------------------------------------------------------------------


---------- Date: 2014-04-05 15:37:59 ~ IP : 66.249.66.96 ----------
REQUEST URI : /index.php?route=product/category&amp;path=73
MOD DETAILS:
   modFile   : /home/ho3f937/public_html/vqmod/xml/hide-tax.xml
   id        : Hide Cart Button
   version   : 1.0
   vqmver    : 1.0.8
   author    : Ariel Orozco
SEARCH NOT FOUND (ABORTING MOD): <br />
						<span class="price-tax"><?php echo $text_tax; ?> <?php echo $product['tax']; ?></span>
MOD DETAILS:
   modFile   : /home/ho3f937/public_html/vqmod/xml/remove_wishlist_and_compare.xml
   id        : Remove Wishlist and Compare Features
   version   : 1.0
   vqmver    : 2.1.5
   author    : VINDHYAVART
SEARCH NOT FOUND (ABORTING MOD): <div class="product-compare"><a href="<?php echo $compare; ?>" id="compare-total"><?php echo $text_compare; ?></a></div>
----------------------------------------------------------------------


---------- Date: 2014-04-05 17:07:43 ~ IP : 66.249.66.136 ----------
REQUEST URI : /index.php?route=product/product&amp;path=61_69&amp;product_id=249
MOD DETAILS:
   modFile   : /home/ho3f937/public_html/vqmod/xml/hide-tax.xml
   id        : Hide Cart Button
   version   : 1.0
   vqmver    : 1.0.8
   author    : Ariel Orozco
SEARCH NOT FOUND (ABORTING MOD): <span class="price-tax"><?php echo $text_tax; ?> <?php echo $tax; ?></span><br />

----------------------------------------------------------------------


---------- Date: 2014-04-05 18:27:17 ~ IP : 113.162.115.110 ----------
REQUEST URI : /index.php?route=product/category&amp;path=61_71
MOD DETAILS:
   modFile   : /home/ho3f937/public_html/vqmod/xml/hide-tax.xml
   id        : Hide Cart Button
   version   : 1.0
   vqmver    : 1.0.8
   author    : Ariel Orozco
SEARCH NOT FOUND (ABORTING MOD): <br />
						<span class="price-tax"><?php echo $text_tax; ?> <?php echo $product['tax']; ?></span>
MOD DETAILS:
   modFile   : /home/ho3f937/public_html/vqmod/xml/remove_wishlist_and_compare.xml
   id        : Remove Wishlist and Compare Features
   version   : 1.0
   vqmver    : 2.1.5
   author    : VINDHYAVART
SEARCH NOT FOUND (ABORTING MOD): <div class="product-compare"><a href="<?php echo $compare; ?>" id="compare-total"><?php echo $text_compare; ?></a></div>
----------------------------------------------------------------------


---------- Date: 2014-04-05 18:27:28 ~ IP : 113.162.115.110 ----------
REQUEST URI : /index.php?route=product/category&amp;path=73
MOD DETAILS:
   modFile   : /home/ho3f937/public_html/vqmod/xml/hide-tax.xml
   id        : Hide Cart Button
   version   : 1.0
   vqmver    : 1.0.8
   author    : Ariel Orozco
SEARCH NOT FOUND (ABORTING MOD): <br />
						<span class="price-tax"><?php echo $text_tax; ?> <?php echo $product['tax']; ?></span>
MOD DETAILS:
   modFile   : /home/ho3f937/public_html/vqmod/xml/remove_wishlist_and_compare.xml
   id        : Remove Wishlist and Compare Features
   version   : 1.0
   vqmver    : 2.1.5
   author    : VINDHYAVART
SEARCH NOT FOUND (ABORTING MOD): <div class="product-compare"><a href="<?php echo $compare; ?>" id="compare-total"><?php echo $text_compare; ?></a></div>
----------------------------------------------------------------------


---------- Date: 2014-04-05 19:06:02 ~ IP : 115.73.214.92 ----------
REQUEST URI : /index.php?route=product/category&amp;path=61_71
MOD DETAILS:
   modFile   : /home/ho3f937/public_html/vqmod/xml/hide-tax.xml
   id        : Hide Cart Button
   version   : 1.0
   vqmver    : 1.0.8
   author    : Ariel Orozco
SEARCH NOT FOUND (ABORTING MOD): <br />
						<span class="price-tax"><?php echo $text_tax; ?> <?php echo $product['tax']; ?></span>
MOD DETAILS:
   modFile   : /home/ho3f937/public_html/vqmod/xml/remove_wishlist_and_compare.xml
   id        : Remove Wishlist and Compare Features
   version   : 1.0
   vqmver    : 2.1.5
   author    : VINDHYAVART
SEARCH NOT FOUND (ABORTING MOD): <div class="product-compare"><a href="<?php echo $compare; ?>" id="compare-total"><?php echo $text_compare; ?></a></div>
----------------------------------------------------------------------


---------- Date: 2014-04-05 19:06:14 ~ IP : 115.73.214.92 ----------
REQUEST URI : /index.php?route=product/category&amp;path=73
MOD DETAILS:
   modFile   : /home/ho3f937/public_html/vqmod/xml/hide-tax.xml
   id        : Hide Cart Button
   version   : 1.0
   vqmver    : 1.0.8
   author    : Ariel Orozco
SEARCH NOT FOUND (ABORTING MOD): <br />
						<span class="price-tax"><?php echo $text_tax; ?> <?php echo $product['tax']; ?></span>
MOD DETAILS:
   modFile   : /home/ho3f937/public_html/vqmod/xml/remove_wishlist_and_compare.xml
   id        : Remove Wishlist and Compare Features
   version   : 1.0
   vqmver    : 2.1.5
   author    : VINDHYAVART
SEARCH NOT FOUND (ABORTING MOD): <div class="product-compare"><a href="<?php echo $compare; ?>" id="compare-total"><?php echo $text_compare; ?></a></div>
----------------------------------------------------------------------


---------- Date: 2014-04-05 19:15:14 ~ IP : 66.249.66.130 ----------
REQUEST URI : /index.php?route=product/product&amp;product_id=247
MOD DETAILS:
   modFile   : /home/ho3f937/public_html/vqmod/xml/hide-tax.xml
   id        : Hide Cart Button
   version   : 1.0
   vqmver    : 1.0.8
   author    : Ariel Orozco
SEARCH NOT FOUND (ABORTING MOD): <span class="price-tax"><?php echo $text_tax; ?> <?php echo $tax; ?></span><br />

----------------------------------------------------------------------


---------- Date: 2014-04-05 22:04:04 ~ IP : 113.162.195.96 ----------
REQUEST URI : /index.php?route=product/product&amp;product_id=259
MOD DETAILS:
   modFile   : /home/ho3f937/public_html/vqmod/xml/hide-tax.xml
   id        : Hide Cart Button
   version   : 1.0
   vqmver    : 1.0.8
   author    : Ariel Orozco
SEARCH NOT FOUND (ABORTING MOD): <span class="price-tax"><?php echo $text_tax; ?> <?php echo $tax; ?></span><br />

----------------------------------------------------------------------


---------- Date: 2014-04-05 22:05:54 ~ IP : 113.162.195.96 ----------
REQUEST URI : /index.php?route=product/category&amp;path=61
MOD DETAILS:
   modFile   : /home/ho3f937/public_html/vqmod/xml/hide-tax.xml
   id        : Hide Cart Button
   version   : 1.0
   vqmver    : 1.0.8
   author    : Ariel Orozco
SEARCH NOT FOUND (ABORTING MOD): <br />
						<span class="price-tax"><?php echo $text_tax; ?> <?php echo $product['tax']; ?></span>
MOD DETAILS:
   modFile   : /home/ho3f937/public_html/vqmod/xml/remove_wishlist_and_compare.xml
   id        : Remove Wishlist and Compare Features
   version   : 1.0
   vqmver    : 2.1.5
   author    : VINDHYAVART
SEARCH NOT FOUND (ABORTING MOD): <div class="product-compare"><a href="<?php echo $compare; ?>" id="compare-total"><?php echo $text_compare; ?></a></div>
----------------------------------------------------------------------


---------- Date: 2014-04-05 22:05:59 ~ IP : 113.162.195.96 ----------
REQUEST URI : /index.php?route=product/product&amp;product_id=259
MOD DETAILS:
   modFile   : /home/ho3f937/public_html/vqmod/xml/hide-tax.xml
   id        : Hide Cart Button
   version   : 1.0
   vqmver    : 1.0.8
   author    : Ariel Orozco
SEARCH NOT FOUND (ABORTING MOD): <span class="price-tax"><?php echo $text_tax; ?> <?php echo $tax; ?></span><br />

----------------------------------------------------------------------


---------- Date: 2014-04-05 22:41:07 ~ IP : 123.21.16.18 ----------
REQUEST URI : /index.php?route=product/category&amp;path=61_69
MOD DETAILS:
   modFile   : /home/ho3f937/public_html/vqmod/xml/hide-tax.xml
   id        : Hide Cart Button
   version   : 1.0
   vqmver    : 1.0.8
   author    : Ariel Orozco
SEARCH NOT FOUND (ABORTING MOD): <br />
						<span class="price-tax"><?php echo $text_tax; ?> <?php echo $product['tax']; ?></span>
MOD DETAILS:
   modFile   : /home/ho3f937/public_html/vqmod/xml/remove_wishlist_and_compare.xml
   id        : Remove Wishlist and Compare Features
   version   : 1.0
   vqmver    : 2.1.5
   author    : VINDHYAVART
SEARCH NOT FOUND (ABORTING MOD): <div class="product-compare"><a href="<?php echo $compare; ?>" id="compare-total"><?php echo $text_compare; ?></a></div>
----------------------------------------------------------------------


---------- Date: 2014-04-05 22:41:17 ~ IP : 123.21.16.18 ----------
REQUEST URI : /index.php?route=product/category&amp;path=61_69&amp;page=2
MOD DETAILS:
   modFile   : /home/ho3f937/public_html/vqmod/xml/hide-tax.xml
   id        : Hide Cart Button
   version   : 1.0
   vqmver    : 1.0.8
   author    : Ariel Orozco
SEARCH NOT FOUND (ABORTING MOD): <br />
						<span class="price-tax"><?php echo $text_tax; ?> <?php echo $product['tax']; ?></span>
MOD DETAILS:
   modFile   : /home/ho3f937/public_html/vqmod/xml/remove_wishlist_and_compare.xml
   id        : Remove Wishlist and Compare Features
   version   : 1.0
   vqmver    : 2.1.5
   author    : VINDHYAVART
SEARCH NOT FOUND (ABORTING MOD): <div class="product-compare"><a href="<?php echo $compare; ?>" id="compare-total"><?php echo $text_compare; ?></a></div>
----------------------------------------------------------------------


---------- Date: 2014-04-05 22:41:24 ~ IP : 123.21.16.18 ----------
REQUEST URI : /index.php?route=product/category&amp;path=61_69&amp;page=3
MOD DETAILS:
   modFile   : /home/ho3f937/public_html/vqmod/xml/hide-tax.xml
   id        : Hide Cart Button
   version   : 1.0
   vqmver    : 1.0.8
   author    : Ariel Orozco
SEARCH NOT FOUND (ABORTING MOD): <br />
						<span class="price-tax"><?php echo $text_tax; ?> <?php echo $product['tax']; ?></span>
MOD DETAILS:
   modFile   : /home/ho3f937/public_html/vqmod/xml/remove_wishlist_and_compare.xml
   id        : Remove Wishlist and Compare Features
   version   : 1.0
   vqmver    : 2.1.5
   author    : VINDHYAVART
SEARCH NOT FOUND (ABORTING MOD): <div class="product-compare"><a href="<?php echo $compare; ?>" id="compare-total"><?php echo $text_compare; ?></a></div>
----------------------------------------------------------------------


---------- Date: 2014-04-05 22:42:54 ~ IP : 123.21.16.18 ----------
REQUEST URI : /index.php?route=product/category&amp;path=61_70
MOD DETAILS:
   modFile   : /home/ho3f937/public_html/vqmod/xml/hide-tax.xml
   id        : Hide Cart Button
   version   : 1.0
   vqmver    : 1.0.8
   author    : Ariel Orozco
SEARCH NOT FOUND (ABORTING MOD): <br />
						<span class="price-tax"><?php echo $text_tax; ?> <?php echo $product['tax']; ?></span>
MOD DETAILS:
   modFile   : /home/ho3f937/public_html/vqmod/xml/remove_wishlist_and_compare.xml
   id        : Remove Wishlist and Compare Features
   version   : 1.0
   vqmver    : 2.1.5
   author    : VINDHYAVART
SEARCH NOT FOUND (ABORTING MOD): <div class="product-compare"><a href="<?php echo $compare; ?>" id="compare-total"><?php echo $text_compare; ?></a></div>
----------------------------------------------------------------------


