---------- Date: 2014-04-02 02:07:55 ~ IP : 148.251.23.114 ----------
REQUEST URI : /index.php?route=product/category&amp;path=61&amp;page=10
MOD DETAILS:
   modFile   : /home/ho3f937/public_html/vqmod/xml/hide-tax.xml
   id        : Hide Cart Button
   version   : 1.0
   vqmver    : 1.0.8
   author    : Ariel Orozco
SEARCH NOT FOUND (ABORTING MOD): <br />
						<span class="price-tax"><?php echo $text_tax; ?> <?php echo $product['tax']; ?></span>
MOD DETAILS:
   modFile   : /home/ho3f937/public_html/vqmod/xml/remove_wishlist_and_compare.xml
   id        : Remove Wishlist and Compare Features
   version   : 1.0
   vqmver    : 2.1.5
   author    : VINDHYAVART
SEARCH NOT FOUND (ABORTING MOD): <div class="product-compare"><a href="<?php echo $compare; ?>" id="compare-total"><?php echo $text_compare; ?></a></div>
----------------------------------------------------------------------


---------- Date: 2014-04-02 02:08:00 ~ IP : 148.251.23.114 ----------
REQUEST URI : /index.php?route=product/category&amp;path=61&amp;page=11
MOD DETAILS:
   modFile   : /home/ho3f937/public_html/vqmod/xml/hide-tax.xml
   id        : Hide Cart Button
   version   : 1.0
   vqmver    : 1.0.8
   author    : Ariel Orozco
SEARCH NOT FOUND (ABORTING MOD): <br />
						<span class="price-tax"><?php echo $text_tax; ?> <?php echo $product['tax']; ?></span>
MOD DETAILS:
   modFile   : /home/ho3f937/public_html/vqmod/xml/remove_wishlist_and_compare.xml
   id        : Remove Wishlist and Compare Features
   version   : 1.0
   vqmver    : 2.1.5
   author    : VINDHYAVART
SEARCH NOT FOUND (ABORTING MOD): <div class="product-compare"><a href="<?php echo $compare; ?>" id="compare-total"><?php echo $text_compare; ?></a></div>
----------------------------------------------------------------------


---------- Date: 2014-04-02 02:08:03 ~ IP : 148.251.23.114 ----------
REQUEST URI : /index.php?route=product/category&amp;path=61&amp;page=13
MOD DETAILS:
   modFile   : /home/ho3f937/public_html/vqmod/xml/hide-tax.xml
   id        : Hide Cart Button
   version   : 1.0
   vqmver    : 1.0.8
   author    : Ariel Orozco
SEARCH NOT FOUND (ABORTING MOD): <br />
						<span class="price-tax"><?php echo $text_tax; ?> <?php echo $product['tax']; ?></span>
MOD DETAILS:
   modFile   : /home/ho3f937/public_html/vqmod/xml/remove_wishlist_and_compare.xml
   id        : Remove Wishlist and Compare Features
   version   : 1.0
   vqmver    : 2.1.5
   author    : VINDHYAVART
SEARCH NOT FOUND (ABORTING MOD): <div class="product-compare"><a href="<?php echo $compare; ?>" id="compare-total"><?php echo $text_compare; ?></a></div>
----------------------------------------------------------------------


---------- Date: 2014-04-02 02:08:07 ~ IP : 148.251.23.114 ----------
REQUEST URI : /index.php?route=product/category&amp;path=61&amp;page=2
MOD DETAILS:
   modFile   : /home/ho3f937/public_html/vqmod/xml/hide-tax.xml
   id        : Hide Cart Button
   version   : 1.0
   vqmver    : 1.0.8
   author    : Ariel Orozco
SEARCH NOT FOUND (ABORTING MOD): <br />
						<span class="price-tax"><?php echo $text_tax; ?> <?php echo $product['tax']; ?></span>
MOD DETAILS:
   modFile   : /home/ho3f937/public_html/vqmod/xml/remove_wishlist_and_compare.xml
   id        : Remove Wishlist and Compare Features
   version   : 1.0
   vqmver    : 2.1.5
   author    : VINDHYAVART
SEARCH NOT FOUND (ABORTING MOD): <div class="product-compare"><a href="<?php echo $compare; ?>" id="compare-total"><?php echo $text_compare; ?></a></div>
----------------------------------------------------------------------


---------- Date: 2014-04-02 02:08:10 ~ IP : 148.251.23.114 ----------
REQUEST URI : /index.php?route=product/category&amp;path=61&amp;page=3
MOD DETAILS:
   modFile   : /home/ho3f937/public_html/vqmod/xml/hide-tax.xml
   id        : Hide Cart Button
   version   : 1.0
   vqmver    : 1.0.8
   author    : Ariel Orozco
SEARCH NOT FOUND (ABORTING MOD): <br />
						<span class="price-tax"><?php echo $text_tax; ?> <?php echo $product['tax']; ?></span>
MOD DETAILS:
   modFile   : /home/ho3f937/public_html/vqmod/xml/remove_wishlist_and_compare.xml
   id        : Remove Wishlist and Compare Features
   version   : 1.0
   vqmver    : 2.1.5
   author    : VINDHYAVART
SEARCH NOT FOUND (ABORTING MOD): <div class="product-compare"><a href="<?php echo $compare; ?>" id="compare-total"><?php echo $text_compare; ?></a></div>
----------------------------------------------------------------------


---------- Date: 2014-04-02 02:08:14 ~ IP : 148.251.23.114 ----------
REQUEST URI : /index.php?route=product/category&amp;path=61&amp;page=4
MOD DETAILS:
   modFile   : /home/ho3f937/public_html/vqmod/xml/hide-tax.xml
   id        : Hide Cart Button
   version   : 1.0
   vqmver    : 1.0.8
   author    : Ariel Orozco
SEARCH NOT FOUND (ABORTING MOD): <br />
						<span class="price-tax"><?php echo $text_tax; ?> <?php echo $product['tax']; ?></span>
MOD DETAILS:
   modFile   : /home/ho3f937/public_html/vqmod/xml/remove_wishlist_and_compare.xml
   id        : Remove Wishlist and Compare Features
   version   : 1.0
   vqmver    : 2.1.5
   author    : VINDHYAVART
SEARCH NOT FOUND (ABORTING MOD): <div class="product-compare"><a href="<?php echo $compare; ?>" id="compare-total"><?php echo $text_compare; ?></a></div>
----------------------------------------------------------------------


---------- Date: 2014-04-02 02:08:18 ~ IP : 148.251.23.114 ----------
REQUEST URI : /index.php?route=product/category&amp;path=61&amp;page=5
MOD DETAILS:
   modFile   : /home/ho3f937/public_html/vqmod/xml/hide-tax.xml
   id        : Hide Cart Button
   version   : 1.0
   vqmver    : 1.0.8
   author    : Ariel Orozco
SEARCH NOT FOUND (ABORTING MOD): <br />
						<span class="price-tax"><?php echo $text_tax; ?> <?php echo $product['tax']; ?></span>
MOD DETAILS:
   modFile   : /home/ho3f937/public_html/vqmod/xml/remove_wishlist_and_compare.xml
   id        : Remove Wishlist and Compare Features
   version   : 1.0
   vqmver    : 2.1.5
   author    : VINDHYAVART
SEARCH NOT FOUND (ABORTING MOD): <div class="product-compare"><a href="<?php echo $compare; ?>" id="compare-total"><?php echo $text_compare; ?></a></div>
----------------------------------------------------------------------


---------- Date: 2014-04-02 02:08:22 ~ IP : 148.251.23.114 ----------
REQUEST URI : /index.php?route=product/category&amp;path=61&amp;page=6
MOD DETAILS:
   modFile   : /home/ho3f937/public_html/vqmod/xml/hide-tax.xml
   id        : Hide Cart Button
   version   : 1.0
   vqmver    : 1.0.8
   author    : Ariel Orozco
SEARCH NOT FOUND (ABORTING MOD): <br />
						<span class="price-tax"><?php echo $text_tax; ?> <?php echo $product['tax']; ?></span>
MOD DETAILS:
   modFile   : /home/ho3f937/public_html/vqmod/xml/remove_wishlist_and_compare.xml
   id        : Remove Wishlist and Compare Features
   version   : 1.0
   vqmver    : 2.1.5
   author    : VINDHYAVART
SEARCH NOT FOUND (ABORTING MOD): <div class="product-compare"><a href="<?php echo $compare; ?>" id="compare-total"><?php echo $text_compare; ?></a></div>
----------------------------------------------------------------------


---------- Date: 2014-04-02 02:08:25 ~ IP : 148.251.23.114 ----------
REQUEST URI : /index.php?route=product/category&amp;path=61&amp;page=7
MOD DETAILS:
   modFile   : /home/ho3f937/public_html/vqmod/xml/hide-tax.xml
   id        : Hide Cart Button
   version   : 1.0
   vqmver    : 1.0.8
   author    : Ariel Orozco
SEARCH NOT FOUND (ABORTING MOD): <br />
						<span class="price-tax"><?php echo $text_tax; ?> <?php echo $product['tax']; ?></span>
MOD DETAILS:
   modFile   : /home/ho3f937/public_html/vqmod/xml/remove_wishlist_and_compare.xml
   id        : Remove Wishlist and Compare Features
   version   : 1.0
   vqmver    : 2.1.5
   author    : VINDHYAVART
SEARCH NOT FOUND (ABORTING MOD): <div class="product-compare"><a href="<?php echo $compare; ?>" id="compare-total"><?php echo $text_compare; ?></a></div>
----------------------------------------------------------------------


---------- Date: 2014-04-02 02:08:31 ~ IP : 148.251.23.114 ----------
REQUEST URI : /index.php?route=product/category&amp;path=61&amp;page=8
MOD DETAILS:
   modFile   : /home/ho3f937/public_html/vqmod/xml/hide-tax.xml
   id        : Hide Cart Button
   version   : 1.0
   vqmver    : 1.0.8
   author    : Ariel Orozco
SEARCH NOT FOUND (ABORTING MOD): <br />
						<span class="price-tax"><?php echo $text_tax; ?> <?php echo $product['tax']; ?></span>
MOD DETAILS:
   modFile   : /home/ho3f937/public_html/vqmod/xml/remove_wishlist_and_compare.xml
   id        : Remove Wishlist and Compare Features
   version   : 1.0
   vqmver    : 2.1.5
   author    : VINDHYAVART
SEARCH NOT FOUND (ABORTING MOD): <div class="product-compare"><a href="<?php echo $compare; ?>" id="compare-total"><?php echo $text_compare; ?></a></div>
----------------------------------------------------------------------


---------- Date: 2014-04-02 02:08:34 ~ IP : 148.251.23.114 ----------
REQUEST URI : /index.php?route=product/category&amp;path=61&amp;page=9
MOD DETAILS:
   modFile   : /home/ho3f937/public_html/vqmod/xml/hide-tax.xml
   id        : Hide Cart Button
   version   : 1.0
   vqmver    : 1.0.8
   author    : Ariel Orozco
SEARCH NOT FOUND (ABORTING MOD): <br />
						<span class="price-tax"><?php echo $text_tax; ?> <?php echo $product['tax']; ?></span>
MOD DETAILS:
   modFile   : /home/ho3f937/public_html/vqmod/xml/remove_wishlist_and_compare.xml
   id        : Remove Wishlist and Compare Features
   version   : 1.0
   vqmver    : 2.1.5
   author    : VINDHYAVART
SEARCH NOT FOUND (ABORTING MOD): <div class="product-compare"><a href="<?php echo $compare; ?>" id="compare-total"><?php echo $text_compare; ?></a></div>
----------------------------------------------------------------------


---------- Date: 2014-04-02 02:08:37 ~ IP : 148.251.23.114 ----------
REQUEST URI : /index.php?route=product/category&amp;path=61_69
MOD DETAILS:
   modFile   : /home/ho3f937/public_html/vqmod/xml/hide-tax.xml
   id        : Hide Cart Button
   version   : 1.0
   vqmver    : 1.0.8
   author    : Ariel Orozco
SEARCH NOT FOUND (ABORTING MOD): <br />
						<span class="price-tax"><?php echo $text_tax; ?> <?php echo $product['tax']; ?></span>
MOD DETAILS:
   modFile   : /home/ho3f937/public_html/vqmod/xml/remove_wishlist_and_compare.xml
   id        : Remove Wishlist and Compare Features
   version   : 1.0
   vqmver    : 2.1.5
   author    : VINDHYAVART
SEARCH NOT FOUND (ABORTING MOD): <div class="product-compare"><a href="<?php echo $compare; ?>" id="compare-total"><?php echo $text_compare; ?></a></div>
----------------------------------------------------------------------


---------- Date: 2014-04-02 05:39:35 ~ IP : 66.249.77.124 ----------
REQUEST URI : /index.php?route=product/product&amp;product_id=184
MOD DETAILS:
   modFile   : /home/ho3f937/public_html/vqmod/xml/hide-tax.xml
   id        : Hide Cart Button
   version   : 1.0
   vqmver    : 1.0.8
   author    : Ariel Orozco
SEARCH NOT FOUND (ABORTING MOD): <span class="price-tax"><?php echo $text_tax; ?> <?php echo $tax; ?></span><br />

----------------------------------------------------------------------


---------- Date: 2014-04-02 06:43:38 ~ IP : 66.249.74.111 ----------
REQUEST URI : /index.php?route=product/product&amp;product_id=97
MOD DETAILS:
   modFile   : /home/ho3f937/public_html/vqmod/xml/hide-tax.xml
   id        : Hide Cart Button
   version   : 1.0
   vqmver    : 1.0.8
   author    : Ariel Orozco
SEARCH NOT FOUND (ABORTING MOD): <span class="price-tax"><?php echo $text_tax; ?> <?php echo $tax; ?></span><br />

----------------------------------------------------------------------


---------- Date: 2014-04-02 09:57:34 ~ IP : 113.187.16.126 ----------
REQUEST URI : /index.php?route=product/category&amp;path=61_69
MOD DETAILS:
   modFile   : /home/ho3f937/public_html/vqmod/xml/hide-tax.xml
   id        : Hide Cart Button
   version   : 1.0
   vqmver    : 1.0.8
   author    : Ariel Orozco
SEARCH NOT FOUND (ABORTING MOD): <br />
						<span class="price-tax"><?php echo $text_tax; ?> <?php echo $product['tax']; ?></span>
MOD DETAILS:
   modFile   : /home/ho3f937/public_html/vqmod/xml/remove_wishlist_and_compare.xml
   id        : Remove Wishlist and Compare Features
   version   : 1.0
   vqmver    : 2.1.5
   author    : VINDHYAVART
SEARCH NOT FOUND (ABORTING MOD): <div class="product-compare"><a href="<?php echo $compare; ?>" id="compare-total"><?php echo $text_compare; ?></a></div>
----------------------------------------------------------------------


---------- Date: 2014-04-02 09:58:53 ~ IP : 113.187.16.126 ----------
REQUEST URI : /index.php?route=product/category&amp;path=61_69&amp;page=2
MOD DETAILS:
   modFile   : /home/ho3f937/public_html/vqmod/xml/hide-tax.xml
   id        : Hide Cart Button
   version   : 1.0
   vqmver    : 1.0.8
   author    : Ariel Orozco
SEARCH NOT FOUND (ABORTING MOD): <br />
						<span class="price-tax"><?php echo $text_tax; ?> <?php echo $product['tax']; ?></span>
MOD DETAILS:
   modFile   : /home/ho3f937/public_html/vqmod/xml/remove_wishlist_and_compare.xml
   id        : Remove Wishlist and Compare Features
   version   : 1.0
   vqmver    : 2.1.5
   author    : VINDHYAVART
SEARCH NOT FOUND (ABORTING MOD): <div class="product-compare"><a href="<?php echo $compare; ?>" id="compare-total"><?php echo $text_compare; ?></a></div>
----------------------------------------------------------------------


---------- Date: 2014-04-02 09:59:33 ~ IP : 113.187.16.126 ----------
REQUEST URI : /index.php?route=product/category&amp;path=61_69&amp;page=3
MOD DETAILS:
   modFile   : /home/ho3f937/public_html/vqmod/xml/hide-tax.xml
   id        : Hide Cart Button
   version   : 1.0
   vqmver    : 1.0.8
   author    : Ariel Orozco
SEARCH NOT FOUND (ABORTING MOD): <br />
						<span class="price-tax"><?php echo $text_tax; ?> <?php echo $product['tax']; ?></span>
MOD DETAILS:
   modFile   : /home/ho3f937/public_html/vqmod/xml/remove_wishlist_and_compare.xml
   id        : Remove Wishlist and Compare Features
   version   : 1.0
   vqmver    : 2.1.5
   author    : VINDHYAVART
SEARCH NOT FOUND (ABORTING MOD): <div class="product-compare"><a href="<?php echo $compare; ?>" id="compare-total"><?php echo $text_compare; ?></a></div>
----------------------------------------------------------------------


---------- Date: 2014-04-02 10:32:40 ~ IP : 118.68.24.104 ----------
REQUEST URI : /index.php?route=product/category&amp;path=61_69&amp;page=3
MOD DETAILS:
   modFile   : /home/ho3f937/public_html/vqmod/xml/hide-tax.xml
   id        : Hide Cart Button
   version   : 1.0
   vqmver    : 1.0.8
   author    : Ariel Orozco
SEARCH NOT FOUND (ABORTING MOD): <br />
						<span class="price-tax"><?php echo $text_tax; ?> <?php echo $product['tax']; ?></span>
MOD DETAILS:
   modFile   : /home/ho3f937/public_html/vqmod/xml/remove_wishlist_and_compare.xml
   id        : Remove Wishlist and Compare Features
   version   : 1.0
   vqmver    : 2.1.5
   author    : VINDHYAVART
SEARCH NOT FOUND (ABORTING MOD): <div class="product-compare"><a href="<?php echo $compare; ?>" id="compare-total"><?php echo $text_compare; ?></a></div>
----------------------------------------------------------------------


---------- Date: 2014-04-02 10:33:09 ~ IP : 118.68.24.104 ----------
REQUEST URI : /index.php?route=product/category&amp;path=61_69&amp;page=2
MOD DETAILS:
   modFile   : /home/ho3f937/public_html/vqmod/xml/hide-tax.xml
   id        : Hide Cart Button
   version   : 1.0
   vqmver    : 1.0.8
   author    : Ariel Orozco
SEARCH NOT FOUND (ABORTING MOD): <br />
						<span class="price-tax"><?php echo $text_tax; ?> <?php echo $product['tax']; ?></span>
MOD DETAILS:
   modFile   : /home/ho3f937/public_html/vqmod/xml/remove_wishlist_and_compare.xml
   id        : Remove Wishlist and Compare Features
   version   : 1.0
   vqmver    : 2.1.5
   author    : VINDHYAVART
SEARCH NOT FOUND (ABORTING MOD): <div class="product-compare"><a href="<?php echo $compare; ?>" id="compare-total"><?php echo $text_compare; ?></a></div>
----------------------------------------------------------------------


---------- Date: 2014-04-02 10:33:20 ~ IP : 118.68.24.104 ----------
REQUEST URI : /index.php?route=product/product&amp;path=61_69&amp;product_id=145
MOD DETAILS:
   modFile   : /home/ho3f937/public_html/vqmod/xml/hide-tax.xml
   id        : Hide Cart Button
   version   : 1.0
   vqmver    : 1.0.8
   author    : Ariel Orozco
SEARCH NOT FOUND (ABORTING MOD): <span class="price-tax"><?php echo $text_tax; ?> <?php echo $tax; ?></span><br />

----------------------------------------------------------------------


---------- Date: 2014-04-02 10:33:37 ~ IP : 118.68.24.104 ----------
REQUEST URI : /index.php?route=product/category&amp;path=73
MOD DETAILS:
   modFile   : /home/ho3f937/public_html/vqmod/xml/hide-tax.xml
   id        : Hide Cart Button
   version   : 1.0
   vqmver    : 1.0.8
   author    : Ariel Orozco
SEARCH NOT FOUND (ABORTING MOD): <br />
						<span class="price-tax"><?php echo $text_tax; ?> <?php echo $product['tax']; ?></span>
MOD DETAILS:
   modFile   : /home/ho3f937/public_html/vqmod/xml/remove_wishlist_and_compare.xml
   id        : Remove Wishlist and Compare Features
   version   : 1.0
   vqmver    : 2.1.5
   author    : VINDHYAVART
SEARCH NOT FOUND (ABORTING MOD): <div class="product-compare"><a href="<?php echo $compare; ?>" id="compare-total"><?php echo $text_compare; ?></a></div>
----------------------------------------------------------------------


---------- Date: 2014-04-02 10:33:46 ~ IP : 118.68.24.104 ----------
REQUEST URI : /index.php?route=product/category&amp;path=66
MOD DETAILS:
   modFile   : /home/ho3f937/public_html/vqmod/xml/hide-tax.xml
   id        : Hide Cart Button
   version   : 1.0
   vqmver    : 1.0.8
   author    : Ariel Orozco
SEARCH NOT FOUND (ABORTING MOD): <br />
						<span class="price-tax"><?php echo $text_tax; ?> <?php echo $product['tax']; ?></span>
MOD DETAILS:
   modFile   : /home/ho3f937/public_html/vqmod/xml/remove_wishlist_and_compare.xml
   id        : Remove Wishlist and Compare Features
   version   : 1.0
   vqmver    : 2.1.5
   author    : VINDHYAVART
SEARCH NOT FOUND (ABORTING MOD): <div class="product-compare"><a href="<?php echo $compare; ?>" id="compare-total"><?php echo $text_compare; ?></a></div>
----------------------------------------------------------------------


---------- Date: 2014-04-02 10:34:00 ~ IP : 118.68.24.104 ----------
REQUEST URI : /index.php?route=product/category&amp;path=61_72
MOD DETAILS:
   modFile   : /home/ho3f937/public_html/vqmod/xml/hide-tax.xml
   id        : Hide Cart Button
   version   : 1.0
   vqmver    : 1.0.8
   author    : Ariel Orozco
SEARCH NOT FOUND (ABORTING MOD): <br />
						<span class="price-tax"><?php echo $text_tax; ?> <?php echo $product['tax']; ?></span>
MOD DETAILS:
   modFile   : /home/ho3f937/public_html/vqmod/xml/remove_wishlist_and_compare.xml
   id        : Remove Wishlist and Compare Features
   version   : 1.0
   vqmver    : 2.1.5
   author    : VINDHYAVART
SEARCH NOT FOUND (ABORTING MOD): <div class="product-compare"><a href="<?php echo $compare; ?>" id="compare-total"><?php echo $text_compare; ?></a></div>
----------------------------------------------------------------------


---------- Date: 2014-04-02 10:34:16 ~ IP : 118.68.24.104 ----------
REQUEST URI : /index.php?route=product/category&amp;path=61_69
MOD DETAILS:
   modFile   : /home/ho3f937/public_html/vqmod/xml/hide-tax.xml
   id        : Hide Cart Button
   version   : 1.0
   vqmver    : 1.0.8
   author    : Ariel Orozco
SEARCH NOT FOUND (ABORTING MOD): <br />
						<span class="price-tax"><?php echo $text_tax; ?> <?php echo $product['tax']; ?></span>
MOD DETAILS:
   modFile   : /home/ho3f937/public_html/vqmod/xml/remove_wishlist_and_compare.xml
   id        : Remove Wishlist and Compare Features
   version   : 1.0
   vqmver    : 2.1.5
   author    : VINDHYAVART
SEARCH NOT FOUND (ABORTING MOD): <div class="product-compare"><a href="<?php echo $compare; ?>" id="compare-total"><?php echo $text_compare; ?></a></div>
----------------------------------------------------------------------


---------- Date: 2014-04-02 10:34:47 ~ IP : 118.68.24.104 ----------
REQUEST URI : /index.php?route=product/category&amp;path=61_69&amp;page=2
MOD DETAILS:
   modFile   : /home/ho3f937/public_html/vqmod/xml/hide-tax.xml
   id        : Hide Cart Button
   version   : 1.0
   vqmver    : 1.0.8
   author    : Ariel Orozco
SEARCH NOT FOUND (ABORTING MOD): <br />
						<span class="price-tax"><?php echo $text_tax; ?> <?php echo $product['tax']; ?></span>
MOD DETAILS:
   modFile   : /home/ho3f937/public_html/vqmod/xml/remove_wishlist_and_compare.xml
   id        : Remove Wishlist and Compare Features
   version   : 1.0
   vqmver    : 2.1.5
   author    : VINDHYAVART
SEARCH NOT FOUND (ABORTING MOD): <div class="product-compare"><a href="<?php echo $compare; ?>" id="compare-total"><?php echo $text_compare; ?></a></div>
----------------------------------------------------------------------


---------- Date: 2014-04-02 10:34:52 ~ IP : 118.68.24.104 ----------
REQUEST URI : /index.php?route=product/product&amp;path=61_69&amp;product_id=241
MOD DETAILS:
   modFile   : /home/ho3f937/public_html/vqmod/xml/hide-tax.xml
   id        : Hide Cart Button
   version   : 1.0
   vqmver    : 1.0.8
   author    : Ariel Orozco
SEARCH NOT FOUND (ABORTING MOD): <span class="price-tax"><?php echo $text_tax; ?> <?php echo $tax; ?></span><br />

----------------------------------------------------------------------


---------- Date: 2014-04-02 10:54:38 ~ IP : 118.68.24.104 ----------
REQUEST URI : /index.php?route=product/product&amp;path=61_69&amp;product_id=241
MOD DETAILS:
   modFile   : /home/ho3f937/public_html/vqmod/xml/hide-tax.xml
   id        : Hide Cart Button
   version   : 1.0
   vqmver    : 1.0.8
   author    : Ariel Orozco
SEARCH NOT FOUND (ABORTING MOD): <span class="price-tax"><?php echo $text_tax; ?> <?php echo $tax; ?></span><br />

----------------------------------------------------------------------


---------- Date: 2014-04-02 11:01:14 ~ IP : 58.186.141.33 ----------
REQUEST URI : /index.php?route=product/product&amp;product_id=247
MOD DETAILS:
   modFile   : /home/ho3f937/public_html/vqmod/xml/hide-tax.xml
   id        : Hide Cart Button
   version   : 1.0
   vqmver    : 1.0.8
   author    : Ariel Orozco
SEARCH NOT FOUND (ABORTING MOD): <span class="price-tax"><?php echo $text_tax; ?> <?php echo $tax; ?></span><br />

----------------------------------------------------------------------


---------- Date: 2014-04-02 11:02:07 ~ IP : 58.186.141.33 ----------
REQUEST URI : /index.php?route=product/product&amp;product_id=252
MOD DETAILS:
   modFile   : /home/ho3f937/public_html/vqmod/xml/hide-tax.xml
   id        : Hide Cart Button
   version   : 1.0
   vqmver    : 1.0.8
   author    : Ariel Orozco
SEARCH NOT FOUND (ABORTING MOD): <span class="price-tax"><?php echo $text_tax; ?> <?php echo $tax; ?></span><br />

----------------------------------------------------------------------


---------- Date: 2014-04-02 11:02:45 ~ IP : 125.234.16.154 ----------
REQUEST URI : /index.php?route=product/category&amp;path=61_69
MOD DETAILS:
   modFile   : /home/ho3f937/public_html/vqmod/xml/hide-tax.xml
   id        : Hide Cart Button
   version   : 1.0
   vqmver    : 1.0.8
   author    : Ariel Orozco
SEARCH NOT FOUND (ABORTING MOD): <br />
						<span class="price-tax"><?php echo $text_tax; ?> <?php echo $product['tax']; ?></span>
MOD DETAILS:
   modFile   : /home/ho3f937/public_html/vqmod/xml/remove_wishlist_and_compare.xml
   id        : Remove Wishlist and Compare Features
   version   : 1.0
   vqmver    : 2.1.5
   author    : VINDHYAVART
SEARCH NOT FOUND (ABORTING MOD): <div class="product-compare"><a href="<?php echo $compare; ?>" id="compare-total"><?php echo $text_compare; ?></a></div>
----------------------------------------------------------------------


---------- Date: 2014-04-02 11:02:54 ~ IP : 58.186.141.33 ----------
REQUEST URI : /index.php?route=product/category&amp;path=61_69
MOD DETAILS:
   modFile   : /home/ho3f937/public_html/vqmod/xml/hide-tax.xml
   id        : Hide Cart Button
   version   : 1.0
   vqmver    : 1.0.8
   author    : Ariel Orozco
SEARCH NOT FOUND (ABORTING MOD): <br />
						<span class="price-tax"><?php echo $text_tax; ?> <?php echo $product['tax']; ?></span>
MOD DETAILS:
   modFile   : /home/ho3f937/public_html/vqmod/xml/remove_wishlist_and_compare.xml
   id        : Remove Wishlist and Compare Features
   version   : 1.0
   vqmver    : 2.1.5
   author    : VINDHYAVART
SEARCH NOT FOUND (ABORTING MOD): <div class="product-compare"><a href="<?php echo $compare; ?>" id="compare-total"><?php echo $text_compare; ?></a></div>
----------------------------------------------------------------------


---------- Date: 2014-04-02 11:03:22 ~ IP : 115.78.160.6 ----------
REQUEST URI : /index.php?route=product/category&amp;path=61_69
MOD DETAILS:
   modFile   : /home/ho3f937/public_html/vqmod/xml/hide-tax.xml
   id        : Hide Cart Button
   version   : 1.0
   vqmver    : 1.0.8
   author    : Ariel Orozco
SEARCH NOT FOUND (ABORTING MOD): <br />
						<span class="price-tax"><?php echo $text_tax; ?> <?php echo $product['tax']; ?></span>
MOD DETAILS:
   modFile   : /home/ho3f937/public_html/vqmod/xml/remove_wishlist_and_compare.xml
   id        : Remove Wishlist and Compare Features
   version   : 1.0
   vqmver    : 2.1.5
   author    : VINDHYAVART
SEARCH NOT FOUND (ABORTING MOD): <div class="product-compare"><a href="<?php echo $compare; ?>" id="compare-total"><?php echo $text_compare; ?></a></div>
----------------------------------------------------------------------


---------- Date: 2014-04-02 11:03:30 ~ IP : 115.78.160.6 ----------
REQUEST URI : /index.php?route=product/category&amp;path=61_71
MOD DETAILS:
   modFile   : /home/ho3f937/public_html/vqmod/xml/hide-tax.xml
   id        : Hide Cart Button
   version   : 1.0
   vqmver    : 1.0.8
   author    : Ariel Orozco
SEARCH NOT FOUND (ABORTING MOD): <br />
						<span class="price-tax"><?php echo $text_tax; ?> <?php echo $product['tax']; ?></span>
MOD DETAILS:
   modFile   : /home/ho3f937/public_html/vqmod/xml/remove_wishlist_and_compare.xml
   id        : Remove Wishlist and Compare Features
   version   : 1.0
   vqmver    : 2.1.5
   author    : VINDHYAVART
SEARCH NOT FOUND (ABORTING MOD): <div class="product-compare"><a href="<?php echo $compare; ?>" id="compare-total"><?php echo $text_compare; ?></a></div>
----------------------------------------------------------------------


---------- Date: 2014-04-02 11:03:35 ~ IP : 58.186.141.7 ----------
REQUEST URI : /index.php?route=product/category&amp;path=61_69
MOD DETAILS:
   modFile   : /home/ho3f937/public_html/vqmod/xml/hide-tax.xml
   id        : Hide Cart Button
   version   : 1.0
   vqmver    : 1.0.8
   author    : Ariel Orozco
SEARCH NOT FOUND (ABORTING MOD): <br />
						<span class="price-tax"><?php echo $text_tax; ?> <?php echo $product['tax']; ?></span>
MOD DETAILS:
   modFile   : /home/ho3f937/public_html/vqmod/xml/remove_wishlist_and_compare.xml
   id        : Remove Wishlist and Compare Features
   version   : 1.0
   vqmver    : 2.1.5
   author    : VINDHYAVART
SEARCH NOT FOUND (ABORTING MOD): <div class="product-compare"><a href="<?php echo $compare; ?>" id="compare-total"><?php echo $text_compare; ?></a></div>
----------------------------------------------------------------------


---------- Date: 2014-04-02 11:03:53 ~ IP : 58.186.141.7 ----------
REQUEST URI : /index.php?route=product/product&amp;path=61_69&amp;product_id=251
MOD DETAILS:
   modFile   : /home/ho3f937/public_html/vqmod/xml/hide-tax.xml
   id        : Hide Cart Button
   version   : 1.0
   vqmver    : 1.0.8
   author    : Ariel Orozco
SEARCH NOT FOUND (ABORTING MOD): <span class="price-tax"><?php echo $text_tax; ?> <?php echo $tax; ?></span><br />

----------------------------------------------------------------------


---------- Date: 2014-04-02 11:03:58 ~ IP : 58.186.141.7 ----------
REQUEST URI : /index.php?route=product/category&amp;path=61_69
MOD DETAILS:
   modFile   : /home/ho3f937/public_html/vqmod/xml/hide-tax.xml
   id        : Hide Cart Button
   version   : 1.0
   vqmver    : 1.0.8
   author    : Ariel Orozco
SEARCH NOT FOUND (ABORTING MOD): <br />
						<span class="price-tax"><?php echo $text_tax; ?> <?php echo $product['tax']; ?></span>
MOD DETAILS:
   modFile   : /home/ho3f937/public_html/vqmod/xml/remove_wishlist_and_compare.xml
   id        : Remove Wishlist and Compare Features
   version   : 1.0
   vqmver    : 2.1.5
   author    : VINDHYAVART
SEARCH NOT FOUND (ABORTING MOD): <div class="product-compare"><a href="<?php echo $compare; ?>" id="compare-total"><?php echo $text_compare; ?></a></div>
----------------------------------------------------------------------


---------- Date: 2014-04-02 11:04:02 ~ IP : 58.186.141.7 ----------
REQUEST URI : /index.php?route=product/category&amp;path=61_69&amp;page=2
MOD DETAILS:
   modFile   : /home/ho3f937/public_html/vqmod/xml/hide-tax.xml
   id        : Hide Cart Button
   version   : 1.0
   vqmver    : 1.0.8
   author    : Ariel Orozco
SEARCH NOT FOUND (ABORTING MOD): <br />
						<span class="price-tax"><?php echo $text_tax; ?> <?php echo $product['tax']; ?></span>
MOD DETAILS:
   modFile   : /home/ho3f937/public_html/vqmod/xml/remove_wishlist_and_compare.xml
   id        : Remove Wishlist and Compare Features
   version   : 1.0
   vqmver    : 2.1.5
   author    : VINDHYAVART
SEARCH NOT FOUND (ABORTING MOD): <div class="product-compare"><a href="<?php echo $compare; ?>" id="compare-total"><?php echo $text_compare; ?></a></div>
----------------------------------------------------------------------


---------- Date: 2014-04-02 11:04:10 ~ IP : 58.186.141.7 ----------
REQUEST URI : /index.php?route=product/product&amp;path=61_69&amp;product_id=145
MOD DETAILS:
   modFile   : /home/ho3f937/public_html/vqmod/xml/hide-tax.xml
   id        : Hide Cart Button
   version   : 1.0
   vqmver    : 1.0.8
   author    : Ariel Orozco
SEARCH NOT FOUND (ABORTING MOD): <span class="price-tax"><?php echo $text_tax; ?> <?php echo $tax; ?></span><br />

----------------------------------------------------------------------


---------- Date: 2014-04-02 11:04:17 ~ IP : 58.186.141.7 ----------
REQUEST URI : /index.php?route=product/category&amp;path=61_69&amp;page=2
MOD DETAILS:
   modFile   : /home/ho3f937/public_html/vqmod/xml/hide-tax.xml
   id        : Hide Cart Button
   version   : 1.0
   vqmver    : 1.0.8
   author    : Ariel Orozco
SEARCH NOT FOUND (ABORTING MOD): <br />
						<span class="price-tax"><?php echo $text_tax; ?> <?php echo $product['tax']; ?></span>
MOD DETAILS:
   modFile   : /home/ho3f937/public_html/vqmod/xml/remove_wishlist_and_compare.xml
   id        : Remove Wishlist and Compare Features
   version   : 1.0
   vqmver    : 2.1.5
   author    : VINDHYAVART
SEARCH NOT FOUND (ABORTING MOD): <div class="product-compare"><a href="<?php echo $compare; ?>" id="compare-total"><?php echo $text_compare; ?></a></div>
----------------------------------------------------------------------


---------- Date: 2014-04-02 11:04:26 ~ IP : 115.78.160.6 ----------
REQUEST URI : /index.php?route=product/category&amp;path=61_69&amp;page=3
MOD DETAILS:
   modFile   : /home/ho3f937/public_html/vqmod/xml/hide-tax.xml
   id        : Hide Cart Button
   version   : 1.0
   vqmver    : 1.0.8
   author    : Ariel Orozco
SEARCH NOT FOUND (ABORTING MOD): <br />
						<span class="price-tax"><?php echo $text_tax; ?> <?php echo $product['tax']; ?></span>
MOD DETAILS:
   modFile   : /home/ho3f937/public_html/vqmod/xml/remove_wishlist_and_compare.xml
   id        : Remove Wishlist and Compare Features
   version   : 1.0
   vqmver    : 2.1.5
   author    : VINDHYAVART
SEARCH NOT FOUND (ABORTING MOD): <div class="product-compare"><a href="<?php echo $compare; ?>" id="compare-total"><?php echo $text_compare; ?></a></div>
----------------------------------------------------------------------


---------- Date: 2014-04-02 11:04:39 ~ IP : 58.186.141.33 ----------
REQUEST URI : /index.php?route=product/product&amp;path=61_69&amp;product_id=224
MOD DETAILS:
   modFile   : /home/ho3f937/public_html/vqmod/xml/hide-tax.xml
   id        : Hide Cart Button
   version   : 1.0
   vqmver    : 1.0.8
   author    : Ariel Orozco
SEARCH NOT FOUND (ABORTING MOD): <span class="price-tax"><?php echo $text_tax; ?> <?php echo $tax; ?></span><br />

----------------------------------------------------------------------


---------- Date: 2014-04-02 11:04:44 ~ IP : 115.78.160.6 ----------
REQUEST URI : /index.php?route=product/category&amp;path=61_69&amp;page=3
MOD DETAILS:
   modFile   : /home/ho3f937/public_html/vqmod/xml/hide-tax.xml
   id        : Hide Cart Button
   version   : 1.0
   vqmver    : 1.0.8
   author    : Ariel Orozco
SEARCH NOT FOUND (ABORTING MOD): <br />
						<span class="price-tax"><?php echo $text_tax; ?> <?php echo $product['tax']; ?></span>
MOD DETAILS:
   modFile   : /home/ho3f937/public_html/vqmod/xml/remove_wishlist_and_compare.xml
   id        : Remove Wishlist and Compare Features
   version   : 1.0
   vqmver    : 2.1.5
   author    : VINDHYAVART
SEARCH NOT FOUND (ABORTING MOD): <div class="product-compare"><a href="<?php echo $compare; ?>" id="compare-total"><?php echo $text_compare; ?></a></div>
----------------------------------------------------------------------


---------- Date: 2014-04-02 11:06:06 ~ IP : 115.78.160.6 ----------
REQUEST URI : /index.php?route=product/product&amp;product_id=259
MOD DETAILS:
   modFile   : /home/ho3f937/public_html/vqmod/xml/hide-tax.xml
   id        : Hide Cart Button
   version   : 1.0
   vqmver    : 1.0.8
   author    : Ariel Orozco
SEARCH NOT FOUND (ABORTING MOD): <span class="price-tax"><?php echo $text_tax; ?> <?php echo $tax; ?></span><br />

----------------------------------------------------------------------


---------- Date: 2014-04-02 11:06:13 ~ IP : 58.186.141.33 ----------
REQUEST URI : /index.php?route=product/category&amp;path=61_69&amp;page=3
MOD DETAILS:
   modFile   : /home/ho3f937/public_html/vqmod/xml/hide-tax.xml
   id        : Hide Cart Button
   version   : 1.0
   vqmver    : 1.0.8
   author    : Ariel Orozco
SEARCH NOT FOUND (ABORTING MOD): <br />
						<span class="price-tax"><?php echo $text_tax; ?> <?php echo $product['tax']; ?></span>
MOD DETAILS:
   modFile   : /home/ho3f937/public_html/vqmod/xml/remove_wishlist_and_compare.xml
   id        : Remove Wishlist and Compare Features
   version   : 1.0
   vqmver    : 2.1.5
   author    : VINDHYAVART
SEARCH NOT FOUND (ABORTING MOD): <div class="product-compare"><a href="<?php echo $compare; ?>" id="compare-total"><?php echo $text_compare; ?></a></div>
----------------------------------------------------------------------


---------- Date: 2014-04-02 11:06:25 ~ IP : 125.234.16.154 ----------
REQUEST URI : /index.php?route=product/category&amp;path=66
MOD DETAILS:
   modFile   : /home/ho3f937/public_html/vqmod/xml/hide-tax.xml
   id        : Hide Cart Button
   version   : 1.0
   vqmver    : 1.0.8
   author    : Ariel Orozco
SEARCH NOT FOUND (ABORTING MOD): <br />
						<span class="price-tax"><?php echo $text_tax; ?> <?php echo $product['tax']; ?></span>
MOD DETAILS:
   modFile   : /home/ho3f937/public_html/vqmod/xml/remove_wishlist_and_compare.xml
   id        : Remove Wishlist and Compare Features
   version   : 1.0
   vqmver    : 2.1.5
   author    : VINDHYAVART
SEARCH NOT FOUND (ABORTING MOD): <div class="product-compare"><a href="<?php echo $compare; ?>" id="compare-total"><?php echo $text_compare; ?></a></div>
----------------------------------------------------------------------


---------- Date: 2014-04-02 11:06:30 ~ IP : 58.186.141.33 ----------
REQUEST URI : /index.php?route=product/category&amp;path=73
MOD DETAILS:
   modFile   : /home/ho3f937/public_html/vqmod/xml/hide-tax.xml
   id        : Hide Cart Button
   version   : 1.0
   vqmver    : 1.0.8
   author    : Ariel Orozco
SEARCH NOT FOUND (ABORTING MOD): <br />
						<span class="price-tax"><?php echo $text_tax; ?> <?php echo $product['tax']; ?></span>
MOD DETAILS:
   modFile   : /home/ho3f937/public_html/vqmod/xml/remove_wishlist_and_compare.xml
   id        : Remove Wishlist and Compare Features
   version   : 1.0
   vqmver    : 2.1.5
   author    : VINDHYAVART
SEARCH NOT FOUND (ABORTING MOD): <div class="product-compare"><a href="<?php echo $compare; ?>" id="compare-total"><?php echo $text_compare; ?></a></div>
----------------------------------------------------------------------


---------- Date: 2014-04-02 11:08:12 ~ IP : 115.78.160.6 ----------
REQUEST URI : /index.php?route=product/product&amp;product_id=256
MOD DETAILS:
   modFile   : /home/ho3f937/public_html/vqmod/xml/hide-tax.xml
   id        : Hide Cart Button
   version   : 1.0
   vqmver    : 1.0.8
   author    : Ariel Orozco
SEARCH NOT FOUND (ABORTING MOD): <span class="price-tax"><?php echo $text_tax; ?> <?php echo $tax; ?></span><br />

----------------------------------------------------------------------


---------- Date: 2014-04-02 11:08:17 ~ IP : 125.234.16.154 ----------
REQUEST URI : /index.php?route=product/category&amp;path=73
MOD DETAILS:
   modFile   : /home/ho3f937/public_html/vqmod/xml/hide-tax.xml
   id        : Hide Cart Button
   version   : 1.0
   vqmver    : 1.0.8
   author    : Ariel Orozco
SEARCH NOT FOUND (ABORTING MOD): <br />
						<span class="price-tax"><?php echo $text_tax; ?> <?php echo $product['tax']; ?></span>
MOD DETAILS:
   modFile   : /home/ho3f937/public_html/vqmod/xml/remove_wishlist_and_compare.xml
   id        : Remove Wishlist and Compare Features
   version   : 1.0
   vqmver    : 2.1.5
   author    : VINDHYAVART
SEARCH NOT FOUND (ABORTING MOD): <div class="product-compare"><a href="<?php echo $compare; ?>" id="compare-total"><?php echo $text_compare; ?></a></div>
----------------------------------------------------------------------


---------- Date: 2014-04-02 11:08:26 ~ IP : 58.186.141.33 ----------
REQUEST URI : /index.php?route=product/category&amp;path=73
MOD DETAILS:
   modFile   : /home/ho3f937/public_html/vqmod/xml/hide-tax.xml
   id        : Hide Cart Button
   version   : 1.0
   vqmver    : 1.0.8
   author    : Ariel Orozco
SEARCH NOT FOUND (ABORTING MOD): <br />
						<span class="price-tax"><?php echo $text_tax; ?> <?php echo $product['tax']; ?></span>
MOD DETAILS:
   modFile   : /home/ho3f937/public_html/vqmod/xml/remove_wishlist_and_compare.xml
   id        : Remove Wishlist and Compare Features
   version   : 1.0
   vqmver    : 2.1.5
   author    : VINDHYAVART
SEARCH NOT FOUND (ABORTING MOD): <div class="product-compare"><a href="<?php echo $compare; ?>" id="compare-total"><?php echo $text_compare; ?></a></div>
----------------------------------------------------------------------


---------- Date: 2014-04-02 12:00:18 ~ IP : 216.107.155.114 ----------
REQUEST URI : /index.php?route=product/category&amp;path=61
MOD DETAILS:
   modFile   : /home/ho3f937/public_html/vqmod/xml/hide-tax.xml
   id        : Hide Cart Button
   version   : 1.0
   vqmver    : 1.0.8
   author    : Ariel Orozco
SEARCH NOT FOUND (ABORTING MOD): <br />
						<span class="price-tax"><?php echo $text_tax; ?> <?php echo $product['tax']; ?></span>
MOD DETAILS:
   modFile   : /home/ho3f937/public_html/vqmod/xml/remove_wishlist_and_compare.xml
   id        : Remove Wishlist and Compare Features
   version   : 1.0
   vqmver    : 2.1.5
   author    : VINDHYAVART
SEARCH NOT FOUND (ABORTING MOD): <div class="product-compare"><a href="<?php echo $compare; ?>" id="compare-total"><?php echo $text_compare; ?></a></div>
----------------------------------------------------------------------


---------- Date: 2014-04-02 12:00:21 ~ IP : 216.107.155.114 ----------
REQUEST URI : /index.php?route=product/category&amp;path=61&amp;page=1
MOD DETAILS:
   modFile   : /home/ho3f937/public_html/vqmod/xml/hide-tax.xml
   id        : Hide Cart Button
   version   : 1.0
   vqmver    : 1.0.8
   author    : Ariel Orozco
SEARCH NOT FOUND (ABORTING MOD): <br />
						<span class="price-tax"><?php echo $text_tax; ?> <?php echo $product['tax']; ?></span>
MOD DETAILS:
   modFile   : /home/ho3f937/public_html/vqmod/xml/remove_wishlist_and_compare.xml
   id        : Remove Wishlist and Compare Features
   version   : 1.0
   vqmver    : 2.1.5
   author    : VINDHYAVART
SEARCH NOT FOUND (ABORTING MOD): <div class="product-compare"><a href="<?php echo $compare; ?>" id="compare-total"><?php echo $text_compare; ?></a></div>
----------------------------------------------------------------------


---------- Date: 2014-04-02 14:52:21 ~ IP : 118.69.221.206 ----------
REQUEST URI : /index.php?route=product/category&amp;path=61_71
MOD DETAILS:
   modFile   : /home/ho3f937/public_html/vqmod/xml/hide-tax.xml
   id        : Hide Cart Button
   version   : 1.0
   vqmver    : 1.0.8
   author    : Ariel Orozco
SEARCH NOT FOUND (ABORTING MOD): <br />
						<span class="price-tax"><?php echo $text_tax; ?> <?php echo $product['tax']; ?></span>
MOD DETAILS:
   modFile   : /home/ho3f937/public_html/vqmod/xml/remove_wishlist_and_compare.xml
   id        : Remove Wishlist and Compare Features
   version   : 1.0
   vqmver    : 2.1.5
   author    : VINDHYAVART
SEARCH NOT FOUND (ABORTING MOD): <div class="product-compare"><a href="<?php echo $compare; ?>" id="compare-total"><?php echo $text_compare; ?></a></div>
----------------------------------------------------------------------


---------- Date: 2014-04-02 15:05:30 ~ IP : 118.69.221.206 ----------
REQUEST URI : /index.php?route=product/product&amp;product_id=245
MOD DETAILS:
   modFile   : /home/ho3f937/public_html/vqmod/xml/hide-tax.xml
   id        : Hide Cart Button
   version   : 1.0
   vqmver    : 1.0.8
   author    : Ariel Orozco
SEARCH NOT FOUND (ABORTING MOD): <span class="price-tax"><?php echo $text_tax; ?> <?php echo $tax; ?></span><br />

----------------------------------------------------------------------


---------- Date: 2014-04-02 15:06:26 ~ IP : 118.69.221.206 ----------
REQUEST URI : /index.php?route=product/category&amp;path=61_70
MOD DETAILS:
   modFile   : /home/ho3f937/public_html/vqmod/xml/hide-tax.xml
   id        : Hide Cart Button
   version   : 1.0
   vqmver    : 1.0.8
   author    : Ariel Orozco
SEARCH NOT FOUND (ABORTING MOD): <br />
						<span class="price-tax"><?php echo $text_tax; ?> <?php echo $product['tax']; ?></span>
MOD DETAILS:
   modFile   : /home/ho3f937/public_html/vqmod/xml/remove_wishlist_and_compare.xml
   id        : Remove Wishlist and Compare Features
   version   : 1.0
   vqmver    : 2.1.5
   author    : VINDHYAVART
SEARCH NOT FOUND (ABORTING MOD): <div class="product-compare"><a href="<?php echo $compare; ?>" id="compare-total"><?php echo $text_compare; ?></a></div>
----------------------------------------------------------------------


---------- Date: 2014-04-02 15:06:42 ~ IP : 118.69.221.206 ----------
REQUEST URI : /index.php?route=product/category&amp;path=61_69
MOD DETAILS:
   modFile   : /home/ho3f937/public_html/vqmod/xml/hide-tax.xml
   id        : Hide Cart Button
   version   : 1.0
   vqmver    : 1.0.8
   author    : Ariel Orozco
SEARCH NOT FOUND (ABORTING MOD): <br />
						<span class="price-tax"><?php echo $text_tax; ?> <?php echo $product['tax']; ?></span>
MOD DETAILS:
   modFile   : /home/ho3f937/public_html/vqmod/xml/remove_wishlist_and_compare.xml
   id        : Remove Wishlist and Compare Features
   version   : 1.0
   vqmver    : 2.1.5
   author    : VINDHYAVART
SEARCH NOT FOUND (ABORTING MOD): <div class="product-compare"><a href="<?php echo $compare; ?>" id="compare-total"><?php echo $text_compare; ?></a></div>
----------------------------------------------------------------------


---------- Date: 2014-04-02 15:06:58 ~ IP : 118.69.221.206 ----------
REQUEST URI : /index.php?route=product/product&amp;path=61_69&amp;product_id=245
MOD DETAILS:
   modFile   : /home/ho3f937/public_html/vqmod/xml/hide-tax.xml
   id        : Hide Cart Button
   version   : 1.0
   vqmver    : 1.0.8
   author    : Ariel Orozco
SEARCH NOT FOUND (ABORTING MOD): <span class="price-tax"><?php echo $text_tax; ?> <?php echo $tax; ?></span><br />

----------------------------------------------------------------------


---------- Date: 2014-04-02 15:08:27 ~ IP : 118.69.221.206 ----------
REQUEST URI : /index.php?route=product/product&amp;product_id=254
MOD DETAILS:
   modFile   : /home/ho3f937/public_html/vqmod/xml/hide-tax.xml
   id        : Hide Cart Button
   version   : 1.0
   vqmver    : 1.0.8
   author    : Ariel Orozco
SEARCH NOT FOUND (ABORTING MOD): <span class="price-tax"><?php echo $text_tax; ?> <?php echo $tax; ?></span><br />

----------------------------------------------------------------------


---------- Date: 2014-04-02 15:08:37 ~ IP : 118.69.221.206 ----------
REQUEST URI : /index.php?route=product/product&amp;product_id=252
MOD DETAILS:
   modFile   : /home/ho3f937/public_html/vqmod/xml/hide-tax.xml
   id        : Hide Cart Button
   version   : 1.0
   vqmver    : 1.0.8
   author    : Ariel Orozco
SEARCH NOT FOUND (ABORTING MOD): <span class="price-tax"><?php echo $text_tax; ?> <?php echo $tax; ?></span><br />

----------------------------------------------------------------------


---------- Date: 2014-04-02 15:08:43 ~ IP : 118.69.221.206 ----------
REQUEST URI : /index.php?route=product/product&amp;product_id=247
MOD DETAILS:
   modFile   : /home/ho3f937/public_html/vqmod/xml/hide-tax.xml
   id        : Hide Cart Button
   version   : 1.0
   vqmver    : 1.0.8
   author    : Ariel Orozco
SEARCH NOT FOUND (ABORTING MOD): <span class="price-tax"><?php echo $text_tax; ?> <?php echo $tax; ?></span><br />

----------------------------------------------------------------------


---------- Date: 2014-04-02 15:08:49 ~ IP : 118.69.221.206 ----------
REQUEST URI : /index.php?route=product/product&amp;product_id=254
MOD DETAILS:
   modFile   : /home/ho3f937/public_html/vqmod/xml/hide-tax.xml
   id        : Hide Cart Button
   version   : 1.0
   vqmver    : 1.0.8
   author    : Ariel Orozco
SEARCH NOT FOUND (ABORTING MOD): <span class="price-tax"><?php echo $text_tax; ?> <?php echo $tax; ?></span><br />

----------------------------------------------------------------------


---------- Date: 2014-04-02 15:10:20 ~ IP : 118.69.221.206 ----------
REQUEST URI : /index.php?route=product/category&amp;path=62
MOD DETAILS:
   modFile   : /home/ho3f937/public_html/vqmod/xml/hide-tax.xml
   id        : Hide Cart Button
   version   : 1.0
   vqmver    : 1.0.8
   author    : Ariel Orozco
SEARCH NOT FOUND (ABORTING MOD): <br />
						<span class="price-tax"><?php echo $text_tax; ?> <?php echo $product['tax']; ?></span>
MOD DETAILS:
   modFile   : /home/ho3f937/public_html/vqmod/xml/remove_wishlist_and_compare.xml
   id        : Remove Wishlist and Compare Features
   version   : 1.0
   vqmver    : 2.1.5
   author    : VINDHYAVART
SEARCH NOT FOUND (ABORTING MOD): <div class="product-compare"><a href="<?php echo $compare; ?>" id="compare-total"><?php echo $text_compare; ?></a></div>
----------------------------------------------------------------------


---------- Date: 2014-04-02 15:10:25 ~ IP : 118.69.221.206 ----------
REQUEST URI : /index.php?route=product/category&amp;path=61_71
MOD DETAILS:
   modFile   : /home/ho3f937/public_html/vqmod/xml/hide-tax.xml
   id        : Hide Cart Button
   version   : 1.0
   vqmver    : 1.0.8
   author    : Ariel Orozco
SEARCH NOT FOUND (ABORTING MOD): <br />
						<span class="price-tax"><?php echo $text_tax; ?> <?php echo $product['tax']; ?></span>
MOD DETAILS:
   modFile   : /home/ho3f937/public_html/vqmod/xml/remove_wishlist_and_compare.xml
   id        : Remove Wishlist and Compare Features
   version   : 1.0
   vqmver    : 2.1.5
   author    : VINDHYAVART
SEARCH NOT FOUND (ABORTING MOD): <div class="product-compare"><a href="<?php echo $compare; ?>" id="compare-total"><?php echo $text_compare; ?></a></div>
----------------------------------------------------------------------


---------- Date: 2014-04-02 15:10:46 ~ IP : 118.69.221.206 ----------
REQUEST URI : /index.php?route=product/product&amp;path=62&amp;product_id=139
MOD DETAILS:
   modFile   : /home/ho3f937/public_html/vqmod/xml/hide-tax.xml
   id        : Hide Cart Button
   version   : 1.0
   vqmver    : 1.0.8
   author    : Ariel Orozco
SEARCH NOT FOUND (ABORTING MOD): <span class="price-tax"><?php echo $text_tax; ?> <?php echo $tax; ?></span><br />

----------------------------------------------------------------------


---------- Date: 2014-04-02 15:10:59 ~ IP : 118.69.221.206 ----------
REQUEST URI : /index.php?route=product/category&amp;path=66
MOD DETAILS:
   modFile   : /home/ho3f937/public_html/vqmod/xml/hide-tax.xml
   id        : Hide Cart Button
   version   : 1.0
   vqmver    : 1.0.8
   author    : Ariel Orozco
SEARCH NOT FOUND (ABORTING MOD): <br />
						<span class="price-tax"><?php echo $text_tax; ?> <?php echo $product['tax']; ?></span>
MOD DETAILS:
   modFile   : /home/ho3f937/public_html/vqmod/xml/remove_wishlist_and_compare.xml
   id        : Remove Wishlist and Compare Features
   version   : 1.0
   vqmver    : 2.1.5
   author    : VINDHYAVART
SEARCH NOT FOUND (ABORTING MOD): <div class="product-compare"><a href="<?php echo $compare; ?>" id="compare-total"><?php echo $text_compare; ?></a></div>
----------------------------------------------------------------------


---------- Date: 2014-04-02 15:11:01 ~ IP : 118.69.221.206 ----------
REQUEST URI : /index.php?route=product/category&amp;path=73
MOD DETAILS:
   modFile   : /home/ho3f937/public_html/vqmod/xml/hide-tax.xml
   id        : Hide Cart Button
   version   : 1.0
   vqmver    : 1.0.8
   author    : Ariel Orozco
SEARCH NOT FOUND (ABORTING MOD): <br />
						<span class="price-tax"><?php echo $text_tax; ?> <?php echo $product['tax']; ?></span>
MOD DETAILS:
   modFile   : /home/ho3f937/public_html/vqmod/xml/remove_wishlist_and_compare.xml
   id        : Remove Wishlist and Compare Features
   version   : 1.0
   vqmver    : 2.1.5
   author    : VINDHYAVART
SEARCH NOT FOUND (ABORTING MOD): <div class="product-compare"><a href="<?php echo $compare; ?>" id="compare-total"><?php echo $text_compare; ?></a></div>
----------------------------------------------------------------------


---------- Date: 2014-04-02 20:35:05 ~ IP : 123.20.158.88 ----------
REQUEST URI : /index.php?route=product/category&amp;path=62
MOD DETAILS:
   modFile   : /home/ho3f937/public_html/vqmod/xml/hide-tax.xml
   id        : Hide Cart Button
   version   : 1.0
   vqmver    : 1.0.8
   author    : Ariel Orozco
SEARCH NOT FOUND (ABORTING MOD): <br />
						<span class="price-tax"><?php echo $text_tax; ?> <?php echo $product['tax']; ?></span>
MOD DETAILS:
   modFile   : /home/ho3f937/public_html/vqmod/xml/remove_wishlist_and_compare.xml
   id        : Remove Wishlist and Compare Features
   version   : 1.0
   vqmver    : 2.1.5
   author    : VINDHYAVART
SEARCH NOT FOUND (ABORTING MOD): <div class="product-compare"><a href="<?php echo $compare; ?>" id="compare-total"><?php echo $text_compare; ?></a></div>
----------------------------------------------------------------------


---------- Date: 2014-04-02 21:49:30 ~ IP : 157.55.32.26 ----------
REQUEST URI : /index.php?route=product/product&amp;product_id=212
MOD DETAILS:
   modFile   : /home/ho3f937/public_html/vqmod/xml/hide-tax.xml
   id        : Hide Cart Button
   version   : 1.0
   vqmver    : 1.0.8
   author    : Ariel Orozco
SEARCH NOT FOUND (ABORTING MOD): <span class="price-tax"><?php echo $text_tax; ?> <?php echo $tax; ?></span><br />

----------------------------------------------------------------------


---------- Date: 2014-04-02 22:15:52 ~ IP : 157.55.32.58 ----------
REQUEST URI : /index.php?route=product/product&amp;product_id=214
MOD DETAILS:
   modFile   : /home/ho3f937/public_html/vqmod/xml/hide-tax.xml
   id        : Hide Cart Button
   version   : 1.0
   vqmver    : 1.0.8
   author    : Ariel Orozco
SEARCH NOT FOUND (ABORTING MOD): <span class="price-tax"><?php echo $text_tax; ?> <?php echo $tax; ?></span><br />

----------------------------------------------------------------------


---------- Date: 2014-04-02 22:15:52 ~ IP : 157.55.32.58 ----------
REQUEST URI : /index.php?route=product/product&amp;product_id=197
MOD DETAILS:
   modFile   : /home/ho3f937/public_html/vqmod/xml/hide-tax.xml
   id        : Hide Cart Button
   version   : 1.0
   vqmver    : 1.0.8
   author    : Ariel Orozco
SEARCH NOT FOUND (ABORTING MOD): <span class="price-tax"><?php echo $text_tax; ?> <?php echo $tax; ?></span><br />

----------------------------------------------------------------------


---------- Date: 2014-04-02 22:15:53 ~ IP : 157.55.32.58 ----------
REQUEST URI : /index.php?route=product/category&amp;path=61_69&amp;page=5
MOD DETAILS:
   modFile   : /home/ho3f937/public_html/vqmod/xml/hide-tax.xml
   id        : Hide Cart Button
   version   : 1.0
   vqmver    : 1.0.8
   author    : Ariel Orozco
SEARCH NOT FOUND (ABORTING MOD): <br />
						<span class="price-tax"><?php echo $text_tax; ?> <?php echo $product['tax']; ?></span>
MOD DETAILS:
   modFile   : /home/ho3f937/public_html/vqmod/xml/remove_wishlist_and_compare.xml
   id        : Remove Wishlist and Compare Features
   version   : 1.0
   vqmver    : 2.1.5
   author    : VINDHYAVART
SEARCH NOT FOUND (ABORTING MOD): <div class="product-compare"><a href="<?php echo $compare; ?>" id="compare-total"><?php echo $text_compare; ?></a></div>
----------------------------------------------------------------------


---------- Date: 2014-04-02 22:15:54 ~ IP : 157.55.32.58 ----------
REQUEST URI : /index.php?route=product/product&amp;product_id=226
MOD DETAILS:
   modFile   : /home/ho3f937/public_html/vqmod/xml/hide-tax.xml
   id        : Hide Cart Button
   version   : 1.0
   vqmver    : 1.0.8
   author    : Ariel Orozco
SEARCH NOT FOUND (ABORTING MOD): <span class="price-tax"><?php echo $text_tax; ?> <?php echo $tax; ?></span><br />

----------------------------------------------------------------------


---------- Date: 2014-04-02 22:15:55 ~ IP : 157.55.32.58 ----------
REQUEST URI : /index.php?route=product/product&amp;product_id=218
MOD DETAILS:
   modFile   : /home/ho3f937/public_html/vqmod/xml/hide-tax.xml
   id        : Hide Cart Button
   version   : 1.0
   vqmver    : 1.0.8
   author    : Ariel Orozco
SEARCH NOT FOUND (ABORTING MOD): <span class="price-tax"><?php echo $text_tax; ?> <?php echo $tax; ?></span><br />

----------------------------------------------------------------------


---------- Date: 2014-04-02 22:20:19 ~ IP : 157.55.32.26 ----------
REQUEST URI : /index.php?route=product/product&amp;product_id=166
MOD DETAILS:
   modFile   : /home/ho3f937/public_html/vqmod/xml/hide-tax.xml
   id        : Hide Cart Button
   version   : 1.0
   vqmver    : 1.0.8
   author    : Ariel Orozco
SEARCH NOT FOUND (ABORTING MOD): <span class="price-tax"><?php echo $text_tax; ?> <?php echo $tax; ?></span><br />

----------------------------------------------------------------------


---------- Date: 2014-04-02 22:43:02 ~ IP : 157.55.32.153 ----------
REQUEST URI : /index.php?route=product/product&amp;product_id=243
MOD DETAILS:
   modFile   : /home/ho3f937/public_html/vqmod/xml/hide-tax.xml
   id        : Hide Cart Button
   version   : 1.0
   vqmver    : 1.0.8
   author    : Ariel Orozco
SEARCH NOT FOUND (ABORTING MOD): <span class="price-tax"><?php echo $text_tax; ?> <?php echo $tax; ?></span><br />

----------------------------------------------------------------------


---------- Date: 2014-04-02 22:43:03 ~ IP : 157.55.32.153 ----------
REQUEST URI : /index.php?route=product/product&amp;product_id=222
MOD DETAILS:
   modFile   : /home/ho3f937/public_html/vqmod/xml/hide-tax.xml
   id        : Hide Cart Button
   version   : 1.0
   vqmver    : 1.0.8
   author    : Ariel Orozco
SEARCH NOT FOUND (ABORTING MOD): <span class="price-tax"><?php echo $text_tax; ?> <?php echo $tax; ?></span><br />

----------------------------------------------------------------------


---------- Date: 2014-04-02 23:27:17 ~ IP : 157.55.32.26 ----------
REQUEST URI : /index.php?route=product/category&amp;path=61_69&amp;page=4
MOD DETAILS:
   modFile   : /home/ho3f937/public_html/vqmod/xml/hide-tax.xml
   id        : Hide Cart Button
   version   : 1.0
   vqmver    : 1.0.8
   author    : Ariel Orozco
SEARCH NOT FOUND (ABORTING MOD): <br />
						<span class="price-tax"><?php echo $text_tax; ?> <?php echo $product['tax']; ?></span>
MOD DETAILS:
   modFile   : /home/ho3f937/public_html/vqmod/xml/remove_wishlist_and_compare.xml
   id        : Remove Wishlist and Compare Features
   version   : 1.0
   vqmver    : 2.1.5
   author    : VINDHYAVART
SEARCH NOT FOUND (ABORTING MOD): <div class="product-compare"><a href="<?php echo $compare; ?>" id="compare-total"><?php echo $text_compare; ?></a></div>
----------------------------------------------------------------------


---------- Date: 2014-04-02 23:27:22 ~ IP : 157.55.32.26 ----------
REQUEST URI : /index.php?route=product/product&amp;product_id=56
MOD DETAILS:
   modFile   : /home/ho3f937/public_html/vqmod/xml/hide-tax.xml
   id        : Hide Cart Button
   version   : 1.0
   vqmver    : 1.0.8
   author    : Ariel Orozco
SEARCH NOT FOUND (ABORTING MOD): <span class="price-tax"><?php echo $text_tax; ?> <?php echo $tax; ?></span><br />

----------------------------------------------------------------------


